This file contains any messages produced by compilers while
running configure, to aid debugging if configure makes a mistake.

It was created by configure, which was
generated by GNU Autoconf 2.52.20101002.  Invocation command line was

  $ ./configure 

## ---------- ##
## Platform.  ##
## ---------- ##

hostname = sulit
uname -m = x86_64
uname -r = 3.2.0-4-amd64
uname -s = Linux
uname -v = #1 SMP Debian 3.2.63-2+deb7u2

/usr/bin/uname -p = unknown
/bin/uname -X     = unknown

/bin/arch              = unknown
/usr/bin/arch -k       = unknown
/usr/convex/getsysinfo = unknown
hostinfo               = unknown
/bin/machine           = unknown
/usr/bin/oslevel       = unknown
/bin/universe          = unknown

PATH = /usr/local/bin:/usr/bin:/bin:/usr/local/games:/usr/games

## ------------ ##
## Core tests.  ##
## ------------ ##

configure:985: PATH=".;."; conftest.sh
./configure: 986: ./configure: conftest.sh: not found
configure:988: $? = 127
configure:1034: checking build system type
configure:1052: result: x86_64-unknown-linux-gnu
configure:1060: checking host system type
configure:1074: result: x86_64-unknown-linux-gnu
configure:1099: result: Configuring for linux-gnu
configure:1123: checking whether make sets ${MAKE}
configure:1143: result: yes
configure:1196: checking for gcc
configure:1211: found /usr/bin/gcc
configure:1219: result: gcc
configure:1447: checking for C compiler version
configure:1450: gcc --version </dev/null >&5
gcc (Debian 4.7.2-5) 4.7.2
Copyright (C) 2012 Free Software Foundation, Inc.
This is free software; see the source for copying conditions.  There is NO
warranty; not even for MERCHANTABILITY or FITNESS FOR A PARTICULAR PURPOSE.

configure:1453: $? = 0
configure:1455: gcc -v </dev/null >&5
Using built-in specs.
COLLECT_GCC=gcc
COLLECT_LTO_WRAPPER=/usr/lib/gcc/x86_64-linux-gnu/4.7/lto-wrapper
Target: x86_64-linux-gnu
Configured with: ../src/configure -v --with-pkgversion='Debian 4.7.2-5' --with-bugurl=file:///usr/share/doc/gcc-4.7/README.Bugs --enable-languages=c,c++,go,fortran,objc,obj-c++ --prefix=/usr --program-suffix=-4.7 --enable-shared --enable-linker-build-id --with-system-zlib --libexecdir=/usr/lib --without-included-gettext --enable-threads=posix --with-gxx-include-dir=/usr/include/c++/4.7 --libdir=/usr/lib --enable-nls --with-sysroot=/ --enable-clocale=gnu --enable-libstdcxx-debug --enable-libstdcxx-time=yes --enable-gnu-unique-object --enable-plugin --enable-objc-gc --with-arch-32=i586 --with-tune=generic --enable-checking=release --build=x86_64-linux-gnu --host=x86_64-linux-gnu --target=x86_64-linux-gnu
Thread model: posix
gcc version 4.7.2 (Debian 4.7.2-5) 
configure:1458: $? = 0
configure:1460: gcc -V </dev/null >&5
gcc: error: unrecognized command line option '-V'
gcc: fatal error: no input files
compilation terminated.
configure:1463: $? = 4
configure:1483: checking for C compiler default output
configure:1486: gcc    conftest.c  >&5
configure:1489: $? = 0
configure:1518: result: a.out
configure:1523: checking whether the C compiler works
configure:1529: ./a.out
configure:1532: $? = 0
configure:1547: result: yes
configure:1554: checking whether we are cross compiling
configure:1556: result: no
configure:1559: checking for executable suffix
configure:1561: gcc -o conftest    conftest.c  >&5
configure:1564: $? = 0
configure:1586: result: 
configure:1592: checking for object suffix
configure:1610: gcc -c   conftest.c >&5
configure:1613: $? = 0
configure:1632: result: o
configure:1636: checking whether we are using the GNU C compiler
configure:1657: gcc -c   conftest.c >&5
configure:1660: $? = 0
configure:1663: test -s conftest.o
configure:1666: $? = 0
configure:1678: result: yes
configure:1684: checking whether gcc accepts -g
configure:1702: gcc -c -g  conftest.c >&5
configure:1705: $? = 0
configure:1708: test -s conftest.o
configure:1711: $? = 0
configure:1721: result: yes
configure:1748: gcc -c -g -O2  conftest.c >&5
conftest.c:2:3: error: unknown type name 'choke'
conftest.c:2:3: error: expected '=', ',', ';', 'asm' or '__attribute__' at end of input
configure:1751: $? = 1
configure: failed program was:
#ifndef __cplusplus
  choke me
#endif
configure:1856: checking how to run the C preprocessor
configure:1882: gcc -E  conftest.c
configure:1888: $? = 0
configure:1915: gcc -E  conftest.c
configure:1912:28: fatal error: ac_nonexistent.h: No such file or directory
compilation terminated.
configure:1921: $? = 1
configure: failed program was:
#line 1911 "configure"
#include "confdefs.h"
#include <ac_nonexistent.h>
configure:1958: result: gcc -E
configure:1973: gcc -E  conftest.c
configure:1979: $? = 0
configure:2006: gcc -E  conftest.c
configure:2003:28: fatal error: ac_nonexistent.h: No such file or directory
compilation terminated.
configure:2012: $? = 1
configure: failed program was:
#line 2002 "configure"
#include "confdefs.h"
#include <ac_nonexistent.h>
configure:2056: checking for mawk
configure:2071: found /usr/bin/mawk
configure:2079: result: mawk
configure:2101: checking for a BSD compatible install
configure:2150: result: /usr/bin/install -c
configure:2175: checking for tdlint
configure:2201: result: no
configure:2175: checking for lint
configure:2201: result: no
configure:2175: checking for alint
configure:2201: result: no
configure:2175: checking for splint
configure:2201: result: no
configure:2175: checking for lclint
configure:2201: result: no
configure:2208: checking if filesystem supports mixed-case filenames
configure:2235: result: yes
configure:2245: checking for exctags
configure:2271: result: no
configure:2245: checking for ctags
configure:2260: found /usr/local/bin/ctags
configure:2268: result: ctags
configure:2282: checking for exetags
configure:2308: result: no
configure:2282: checking for etags
configure:2297: found /usr/local/bin/etags
configure:2305: result: etags
configure:2317: checking for ctags
configure:2332: found /usr/local/bin/ctags
configure:2341: result: yes
configure:2351: checking for etags
configure:2366: found /usr/local/bin/etags
configure:2375: result: yes
configure:2398: checking if -lm needed for math functions
configure:2420: gcc -o conftest -g -O2   conftest.c  >&5
/tmp/cc7sqKzs.o: In function `main':
/home/sulit/mygitsrc/clearning/ncurses-examples-20110404/configure:2413: undefined reference to `sin'
collect2: error: ld returned 1 exit status
configure:2423: $? = 1
configure: failed program was:
#line 2405 "configure"
#include "confdefs.h"

	#include <stdio.h>
	#include <math.h>

int
main ()
{
double x = rand(); printf("result = %g\n", sin(x))
  ;
  return 0;
}
configure:2439: result: yes
configure:2474: checking for gcc option to accept ANSI C
configure:2599: gcc -c -g -O2   -DCC_HAS_PROTOS conftest.c >&5
configure:2602: $? = 0
configure:2605: test -s conftest.o
configure:2608: $? = 0
configure:2621: result: -DCC_HAS_PROTOS
configure:2745: checking for gcc __attribute__ directives...
checking for gcc __attribute__((scanf))
configure:2797: gcc -c -g -O2  conftest.c >&5
configure:2800: $? = 0
checking for gcc __attribute__((printf))
configure:2797: gcc -c -g -O2  conftest.c >&5
configure:2800: $? = 0
checking for gcc __attribute__((unused))
configure:2797: gcc -c -g -O2  conftest.c >&5
configure:2800: $? = 0
checking for gcc __attribute__((noreturn))
configure:2797: gcc -c -g -O2  conftest.c >&5
configure:2800: $? = 0
configure:2873: checking if we must define _GNU_SOURCE
configure:2895: gcc -c -g -O2  conftest.c >&5
configure: In function 'main':
configure:2887:1: error: unknown type name 'make'
configure:2887:9: error: expected '=', ',', ';', 'asm' or '__attribute__' before 'error'
configure:2898: $? = 1
configure: failed program was:
#line 2880 "configure"
#include "confdefs.h"
#include <sys/types.h>
int
main ()
{

#ifndef _XOPEN_SOURCE
make an error
#endif
  ;
  return 0;
}
configure:2928: gcc -c -g -O2  -D_GNU_SOURCE conftest.c >&5
configure: In function 'main':
configure:2920:1: error: unknown type name 'make'
configure:2920:9: error: expected '=', ',', ';', 'asm' or '__attribute__' before 'error'
configure:2931: $? = 1
configure: failed program was:
#line 2913 "configure"
#include "confdefs.h"
#include <sys/types.h>
int
main ()
{

#ifdef _XOPEN_SOURCE
make an error
#endif
  ;
  return 0;
}
configure:2952: result: yes
configure:3477: checking for gcc option to accept ANSI C
configure:3534: gcc  -c -g -O2  -D_GNU_SOURCE conftest.c >&5
configure:3537: $? = 0
configure:3540: test -s conftest.o
configure:3543: $? = 0
configure:3560: result: none needed
configure:3568: checking for an ANSI C-conforming const
configure:3632: gcc -c -g -O2  -D_GNU_SOURCE conftest.c >&5
configure:3635: $? = 0
configure:3638: test -s conftest.o
configure:3641: $? = 0
configure:3651: result: yes
configure:3661: checking for signal global datatype
configure:3696: gcc -c -g -O2  -D_GNU_SOURCE conftest.c >&5
configure:3699: $? = 0
configure:3702: test -s conftest.o
configure:3705: $? = 0
configure:3719: result: volatile sig_atomic_t
configure:3725: checking if you want to see long compiling messages
configure:3759: result: yes
configure:3764: checking version of gcc
configure:3768: result: 4.7.2
configure:3774: checking if you want to turn on gcc warnings
configure:3791: result: no
configure:4059: checking if you want to use dmalloc for testing
configure:4075: result: no
configure:4270: checking if you want to use dbmalloc for testing
configure:4286: result: no
configure:4481: checking if you want to use valgrind for testing
configure:4497: result: no
configure:4590: checking if you want to perform memory-leak testing
configure:4600: result: no
configure:4614: checking for specific curses-directory
configure:4624: result: no
configure:4801: checking for extra include directories
configure:4821: result: no
configure:4825: checking if we have identified curses headers
configure:4849: gcc -c -g -O2  -D_GNU_SOURCE conftest.c >&5
configure:4852: $? = 0
configure:4855: test -s conftest.o
configure:4858: $? = 0
configure:4869: result: curses.h
configure:4883: checking for curses.h
configure:4893: gcc -E  -D_GNU_SOURCE conftest.c
configure:4899: $? = 0
configure:4918: result: yes
configure:4928: checking for terminfo header
configure:4961: gcc -c -g -O2  -D_GNU_SOURCE conftest.c >&5
configure:4964: $? = 0
configure:4967: test -s conftest.o
configure:4970: $? = 0
configure:4986: result: term.h
configure:5015: checking for ncurses version
configure:5079: gcc -o conftest -g -O2  -D_GNU_SOURCE  conftest.c  >&5
configure:5082: $? = 0
configure:5084: ./conftest
configure:5087: $? = 0
configure:5101: result: 5.9.20110404
configure:5107: checking if we have identified curses libraries
configure:5122: gcc -o conftest -g -O2  -D_GNU_SOURCE  conftest.c  >&5
/tmp/cch2ATr7.o: In function `main':
/home/sulit/mygitsrc/clearning/ncurses-examples-20110404/configure:5115: undefined reference to `initscr'
/home/sulit/mygitsrc/clearning/ncurses-examples-20110404/configure:5115: undefined reference to `tgoto'
collect2: error: ld returned 1 exit status
configure:5125: $? = 1
configure: failed program was:
#line 5110 "configure"
#include "confdefs.h"
#include <curses.h>
int
main ()
{
initscr(); tgoto("?", 0,0)
  ;
  return 0;
}
configure:5140: result: no
configure:5343: testing adding /lib64 to library-path ...
configure:5464: checking for tgoto
configure:5501: gcc -o conftest -g -O2  -D_GNU_SOURCE -L/lib64  conftest.c  >&5
/tmp/ccilZ2Cb.o: In function `main':
/home/sulit/mygitsrc/clearning/ncurses-examples-20110404/configure:5492: undefined reference to `tgoto'
collect2: error: ld returned 1 exit status
configure:5504: $? = 1
configure: failed program was:
#line 5470 "configure"
#include "confdefs.h"
/* System header to define __stub macros and hopefully few prototypes,
    which can conflict with char tgoto (); below.  */
#include <assert.h>
/* Override any gcc2 internal prototype to avoid an error.  */
#ifdef __cplusplus
extern "C"
#endif
/* We use char because int might match the return type of a gcc2
   builtin and then its argument prototype would still apply.  */
char tgoto ();
char (*f) ();

int
main ()
{
/* The GNU C library defines this for functions which it implements
    to always fail with ENOSYS.  Some functions are actually named
    something starting with __ and the normal name is an alias.  */
#if defined (__stub_tgoto) || defined (__stub___tgoto)
choke me
#else
f = tgoto;
#endif

  ;
  return 0;
}
configure:5520: result: no
configure:5529: checking for tgoto in -lncurses
configure:5556: gcc -o conftest -g -O2  -D_GNU_SOURCE -L/lib64  conftest.c -lncurses   >&5
configure:5559: $? = 0
configure:5562: test -s conftest
configure:5565: $? = 0
configure:5576: result: yes
configure:5591: checking for initscr in -lncurses
configure:5618: gcc -o conftest -g -O2  -D_GNU_SOURCE -L/lib64  conftest.c -lncurses  -lncurses  >&5
configure:5621: $? = 0
configure:5624: test -s conftest
configure:5627: $? = 0
configure:5638: result: yes
configure:5764: checking for NetBSD form.h
configure:5790: gcc -c -g -O2  -D_GNU_SOURCE conftest.c >&5
configure: In function 'main':
configure:5781:29: error: 'FIELD' has no member named 'cursor_ypos'
configure:5782:29: error: 'FIELD' has no member named 'cursor_xpos'
configure:5793: $? = 1
configure: failed program was:
#line 5771 "configure"
#include "confdefs.h"

#include <curses.h>
#include <form.h>

int
main ()
{

	FORM *form;
	int y = current_field(form)->cursor_ypos;
	int x = current_field(form)->cursor_xpos;

  ;
  return 0;
}
configure:5811: result: no
configure:5818: checking for NetBSD menu.h
configure:5843: gcc -c -g -O2  -D_GNU_SOURCE conftest.c >&5
configure: In function 'main':
configure:5835:14: error: 'MENU' has no member named 'max_item_width'
configure:5846: $? = 1
configure: failed program was:
#line 5825 "configure"
#include "confdefs.h"

#include <curses.h>
#include <menu.h>

int
main ()
{

	MENU *menu;
	int y = menu->max_item_width;

  ;
  return 0;
}
configure:5864: result: no
configure:12356: checking for new_panel in -lpanel
configure:12383: gcc -o conftest -g -O2  -D_GNU_SOURCE -L/lib64  conftest.c -lpanel  -lncurses  >&5
configure:12386: $? = 0
configure:12389: test -s conftest
configure:12392: $? = 0
configure:12403: result: yes
configure:12415: checking for menu_driver in -lmenu
configure:12442: gcc -o conftest -g -O2  -D_GNU_SOURCE -L/lib64  conftest.c -lmenu  -lpanel -lncurses  >&5
configure:12445: $? = 0
configure:12448: test -s conftest
configure:12451: $? = 0
configure:12462: result: yes
configure:12474: checking for form_driver in -lform
configure:12501: gcc -o conftest -g -O2  -D_GNU_SOURCE -L/lib64  conftest.c -lform  -lmenu -lpanel -lncurses  >&5
configure:12504: $? = 0
configure:12507: test -s conftest
configure:12510: $? = 0
configure:12521: result: yes
configure:12544: checking for nc_alloc.h
configure:12554: gcc -E  -D_GNU_SOURCE conftest.c
configure:12551:22: fatal error: nc_alloc.h: No such file or directory
compilation terminated.
configure:12560: $? = 1
configure: failed program was:
#line 12550 "configure"
#include "confdefs.h"
#include <nc_alloc.h>
configure:12579: result: no
configure:12544: checking for nomacros.h
configure:12554: gcc -E  -D_GNU_SOURCE conftest.c
configure:12551:22: fatal error: nomacros.h: No such file or directory
compilation terminated.
configure:12560: $? = 1
configure: failed program was:
#line 12550 "configure"
#include "confdefs.h"
#include <nomacros.h>
configure:12579: result: no
configure:12544: checking for form.h
configure:12554: gcc -E  -D_GNU_SOURCE conftest.c
configure:12560: $? = 0
configure:12579: result: yes
configure:12544: checking for menu.h
configure:12554: gcc -E  -D_GNU_SOURCE conftest.c
configure:12560: $? = 0
configure:12579: result: yes
configure:12544: checking for panel.h
configure:12554: gcc -E  -D_GNU_SOURCE conftest.c
configure:12560: $? = 0
configure:12579: result: yes
configure:12544: checking for term_entry.h
configure:12554: gcc -E  -D_GNU_SOURCE conftest.c
configure:12560: $? = 0
configure:12579: result: yes
configure:12592: checking return type of signal handlers
configure:12620: gcc -c -g -O2  -D_GNU_SOURCE conftest.c >&5
configure:12623: $? = 0
configure:12626: test -s conftest.o
configure:12629: $? = 0
configure:12639: result: void
configure:12646: checking for ANSI C header files
configure:12660: gcc -E  -D_GNU_SOURCE conftest.c
configure:12666: $? = 0
configure:12753: gcc -o conftest -g -O2  -D_GNU_SOURCE -L/lib64  conftest.c -lform -lmenu -lpanel -lncurses  >&5
configure:12756: $? = 0
configure:12758: ./conftest
configure:12761: $? = 0
configure:12774: result: yes
configure:12784: checking whether time.h and sys/time.h may both be included
configure:12806: gcc -c -g -O2  -D_GNU_SOURCE conftest.c >&5
configure:12809: $? = 0
configure:12812: test -s conftest.o
configure:12815: $? = 0
configure:12825: result: yes
configure:12848: checking for getopt.h
configure:12858: gcc -E  -D_GNU_SOURCE conftest.c
configure:12864: $? = 0
configure:12883: result: yes
configure:12848: checking for locale.h
configure:12858: gcc -E  -D_GNU_SOURCE conftest.c
configure:12864: $? = 0
configure:12883: result: yes
configure:12848: checking for math.h
configure:12858: gcc -E  -D_GNU_SOURCE conftest.c
configure:12864: $? = 0
configure:12883: result: yes
configure:12848: checking for stdarg.h
configure:12858: gcc -E  -D_GNU_SOURCE conftest.c
configure:12864: $? = 0
configure:12883: result: yes
configure:12848: checking for sys/ioctl.h
configure:12858: gcc -E  -D_GNU_SOURCE conftest.c
configure:12864: $? = 0
configure:12883: result: yes
configure:12848: checking for sys/select.h
configure:12858: gcc -E  -D_GNU_SOURCE conftest.c
configure:12864: $? = 0
configure:12883: result: yes
configure:12848: checking for sys/time.h
configure:12858: gcc -E  -D_GNU_SOURCE conftest.c
configure:12864: $? = 0
configure:12883: result: yes
configure:12848: checking for termios.h
configure:12858: gcc -E  -D_GNU_SOURCE conftest.c
configure:12864: $? = 0
configure:12883: result: yes
configure:12848: checking for unistd.h
configure:12858: gcc -E  -D_GNU_SOURCE conftest.c
configure:12864: $? = 0
configure:12883: result: yes
configure:12907: checking for gettimeofday
configure:12944: gcc -o conftest -g -O2  -D_GNU_SOURCE -L/lib64  conftest.c -lform -lmenu -lpanel -lncurses  >&5
configure:12947: $? = 0
configure:12950: test -s conftest
configure:12953: $? = 0
configure:12963: result: yes
configure:12907: checking for mblen
configure:12944: gcc -o conftest -g -O2  -D_GNU_SOURCE -L/lib64  conftest.c -lform -lmenu -lpanel -lncurses  >&5
configure:12947: $? = 0
configure:12950: test -s conftest
configure:12953: $? = 0
configure:12963: result: yes
configure:12907: checking for mbrlen
configure:12944: gcc -o conftest -g -O2  -D_GNU_SOURCE -L/lib64  conftest.c -lform -lmenu -lpanel -lncurses  >&5
configure:12947: $? = 0
configure:12950: test -s conftest
configure:12953: $? = 0
configure:12963: result: yes
configure:12907: checking for mbrtowc
configure:12944: gcc -o conftest -g -O2  -D_GNU_SOURCE -L/lib64  conftest.c -lform -lmenu -lpanel -lncurses  >&5
configure:12947: $? = 0
configure:12950: test -s conftest
configure:12953: $? = 0
configure:12963: result: yes
configure:12907: checking for mbsrtowcs
configure:12944: gcc -o conftest -g -O2  -D_GNU_SOURCE -L/lib64  conftest.c -lform -lmenu -lpanel -lncurses  >&5
configure:12947: $? = 0
configure:12950: test -s conftest
configure:12953: $? = 0
configure:12963: result: yes
configure:12907: checking for mbstowcs
configure:12944: gcc -o conftest -g -O2  -D_GNU_SOURCE -L/lib64  conftest.c -lform -lmenu -lpanel -lncurses  >&5
configure:12947: $? = 0
configure:12950: test -s conftest
configure:12953: $? = 0
configure:12963: result: yes
configure:12907: checking for mbtowc
configure:12944: gcc -o conftest -g -O2  -D_GNU_SOURCE -L/lib64  conftest.c -lform -lmenu -lpanel -lncurses  >&5
configure:12947: $? = 0
configure:12950: test -s conftest
configure:12953: $? = 0
configure:12963: result: yes
configure:12907: checking for strdup
configure:12944: gcc -o conftest -g -O2  -D_GNU_SOURCE -L/lib64  conftest.c -lform -lmenu -lpanel -lncurses  >&5
configure:12923:6: warning: conflicting types for built-in function 'strdup' [enabled by default]
configure:12947: $? = 0
configure:12950: test -s conftest
configure:12953: $? = 0
configure:12963: result: yes
configure:12907: checking for wcsrtombs
configure:12944: gcc -o conftest -g -O2  -D_GNU_SOURCE -L/lib64  conftest.c -lform -lmenu -lpanel -lncurses  >&5
configure:12947: $? = 0
configure:12950: test -s conftest
configure:12953: $? = 0
configure:12963: result: yes
configure:12907: checking for wcstombs
configure:12944: gcc -o conftest -g -O2  -D_GNU_SOURCE -L/lib64  conftest.c -lform -lmenu -lpanel -lncurses  >&5
configure:12947: $? = 0
configure:12950: test -s conftest
configure:12953: $? = 0
configure:12963: result: yes
configure:12973: checking if we must define _XOPEN_SOURCE_EXTENDED
configure:13002: gcc -o conftest -g -O2  -D_GNU_SOURCE -L/lib64  conftest.c -lform -lmenu -lpanel -lncurses  >&5
configure:13005: $? = 0
configure:13008: test -s conftest
configure:13011: $? = 0
configure:13061: result: no
configure:13065: checking for term.h
configure:13162: result: term.h
configure:13224: checking for chgat
configure:13227: testing chgat ...
configure:13267: gcc -o conftest -g -O2  -D_GNU_SOURCE -L/lib64  conftest.c -lform -lmenu -lpanel -lncurses  >&5
configure:13270: $? = 0
configure:13273: test -s conftest
configure:13276: $? = 0
configure:13292: result: yes
configure:13224: checking for color_set
configure:13227: testing color_set ...
configure:13267: gcc -o conftest -g -O2  -D_GNU_SOURCE -L/lib64  conftest.c -lform -lmenu -lpanel -lncurses  >&5
configure:13270: $? = 0
configure:13273: test -s conftest
configure:13276: $? = 0
configure:13292: result: yes
configure:13224: checking for filter
configure:13227: testing filter ...
configure:13267: gcc -o conftest -g -O2  -D_GNU_SOURCE -L/lib64  conftest.c -lform -lmenu -lpanel -lncurses  >&5
configure:13270: $? = 0
configure:13273: test -s conftest
configure:13276: $? = 0
configure:13292: result: yes
configure:13224: checking for getbegx
configure:13227: testing getbegx ...
configure:13267: gcc -o conftest -g -O2  -D_GNU_SOURCE -L/lib64  conftest.c -lform -lmenu -lpanel -lncurses  >&5
configure:13270: $? = 0
configure:13273: test -s conftest
configure:13276: $? = 0
configure:13292: result: yes
configure:13224: checking for getcurx
configure:13227: testing getcurx ...
configure:13267: gcc -o conftest -g -O2  -D_GNU_SOURCE -L/lib64  conftest.c -lform -lmenu -lpanel -lncurses  >&5
configure:13270: $? = 0
configure:13273: test -s conftest
configure:13276: $? = 0
configure:13292: result: yes
configure:13224: checking for getmaxx
configure:13227: testing getmaxx ...
configure:13267: gcc -o conftest -g -O2  -D_GNU_SOURCE -L/lib64  conftest.c -lform -lmenu -lpanel -lncurses  >&5
configure:13270: $? = 0
configure:13273: test -s conftest
configure:13276: $? = 0
configure:13292: result: yes
configure:13224: checking for getnstr
configure:13227: testing getnstr ...
configure:13267: gcc -o conftest -g -O2  -D_GNU_SOURCE -L/lib64  conftest.c -lform -lmenu -lpanel -lncurses  >&5
configure:13270: $? = 0
configure:13273: test -s conftest
configure:13276: $? = 0
configure:13292: result: yes
configure:13224: checking for getparx
configure:13227: testing getparx ...
configure:13267: gcc -o conftest -g -O2  -D_GNU_SOURCE -L/lib64  conftest.c -lform -lmenu -lpanel -lncurses  >&5
configure:13270: $? = 0
configure:13273: test -s conftest
configure:13276: $? = 0
configure:13292: result: yes
configure:13224: checking for getwin
configure:13227: testing getwin ...
configure:13267: gcc -o conftest -g -O2  -D_GNU_SOURCE -L/lib64  conftest.c -lform -lmenu -lpanel -lncurses  >&5
configure:13270: $? = 0
configure:13273: test -s conftest
configure:13276: $? = 0
configure:13292: result: yes
configure:13224: checking for mvvline
configure:13227: testing mvvline ...
configure:13267: gcc -o conftest -g -O2  -D_GNU_SOURCE -L/lib64  conftest.c -lform -lmenu -lpanel -lncurses  >&5
configure:13270: $? = 0
configure:13273: test -s conftest
configure:13276: $? = 0
configure:13292: result: yes
configure:13224: checking for mvwvline
configure:13227: testing mvwvline ...
configure:13267: gcc -o conftest -g -O2  -D_GNU_SOURCE -L/lib64  conftest.c -lform -lmenu -lpanel -lncurses  >&5
configure:13270: $? = 0
configure:13273: test -s conftest
configure:13276: $? = 0
configure:13292: result: yes
configure:13224: checking for napms
configure:13227: testing napms ...
configure:13267: gcc -o conftest -g -O2  -D_GNU_SOURCE -L/lib64  conftest.c -lform -lmenu -lpanel -lncurses  >&5
configure:13270: $? = 0
configure:13273: test -s conftest
configure:13276: $? = 0
configure:13292: result: yes
configure:13224: checking for putwin
configure:13227: testing putwin ...
configure:13267: gcc -o conftest -g -O2  -D_GNU_SOURCE -L/lib64  conftest.c -lform -lmenu -lpanel -lncurses  >&5
configure:13270: $? = 0
configure:13273: test -s conftest
configure:13276: $? = 0
configure:13292: result: yes
configure:13224: checking for resize_term
configure:13227: testing resize_term ...
configure:13267: gcc -o conftest -g -O2  -D_GNU_SOURCE -L/lib64  conftest.c -lform -lmenu -lpanel -lncurses  >&5
configure:13270: $? = 0
configure:13273: test -s conftest
configure:13276: $? = 0
configure:13292: result: yes
configure:13224: checking for resizeterm
configure:13227: testing resizeterm ...
configure:13267: gcc -o conftest -g -O2  -D_GNU_SOURCE -L/lib64  conftest.c -lform -lmenu -lpanel -lncurses  >&5
configure:13270: $? = 0
configure:13273: test -s conftest
configure:13276: $? = 0
configure:13292: result: yes
configure:13224: checking for ripoffline
configure:13227: testing ripoffline ...
configure:13267: gcc -o conftest -g -O2  -D_GNU_SOURCE -L/lib64  conftest.c -lform -lmenu -lpanel -lncurses  >&5
configure:13270: $? = 0
configure:13273: test -s conftest
configure:13276: $? = 0
configure:13292: result: yes
configure:13224: checking for scr_dump
configure:13227: testing scr_dump ...
configure:13267: gcc -o conftest -g -O2  -D_GNU_SOURCE -L/lib64  conftest.c -lform -lmenu -lpanel -lncurses  >&5
configure:13270: $? = 0
configure:13273: test -s conftest
configure:13276: $? = 0
configure:13292: result: yes
configure:13224: checking for setupterm
configure:13227: testing setupterm ...
configure:13267: gcc -o conftest -g -O2  -D_GNU_SOURCE -L/lib64  conftest.c -lform -lmenu -lpanel -lncurses  >&5
configure:13270: $? = 0
configure:13273: test -s conftest
configure:13276: $? = 0
configure:13292: result: yes
configure:13224: checking for slk_color
configure:13227: testing slk_color ...
configure:13267: gcc -o conftest -g -O2  -D_GNU_SOURCE -L/lib64  conftest.c -lform -lmenu -lpanel -lncurses  >&5
configure:13270: $? = 0
configure:13273: test -s conftest
configure:13276: $? = 0
configure:13292: result: yes
configure:13224: checking for slk_init
configure:13227: testing slk_init ...
configure:13267: gcc -o conftest -g -O2  -D_GNU_SOURCE -L/lib64  conftest.c -lform -lmenu -lpanel -lncurses  >&5
configure:13270: $? = 0
configure:13273: test -s conftest
configure:13276: $? = 0
configure:13292: result: yes
configure:13224: checking for termattrs
configure:13227: testing termattrs ...
configure:13267: gcc -o conftest -g -O2  -D_GNU_SOURCE -L/lib64  conftest.c -lform -lmenu -lpanel -lncurses  >&5
configure:13270: $? = 0
configure:13273: test -s conftest
configure:13276: $? = 0
configure:13292: result: yes
configure:13224: checking for tgetent
configure:13227: testing tgetent ...
configure:13267: gcc -o conftest -g -O2  -D_GNU_SOURCE -L/lib64  conftest.c -lform -lmenu -lpanel -lncurses  >&5
configure:13270: $? = 0
configure:13273: test -s conftest
configure:13276: $? = 0
configure:13292: result: yes
configure:13224: checking for tigetnum
configure:13227: testing tigetnum ...
configure:13267: gcc -o conftest -g -O2  -D_GNU_SOURCE -L/lib64  conftest.c -lform -lmenu -lpanel -lncurses  >&5
configure:13270: $? = 0
configure:13273: test -s conftest
configure:13276: $? = 0
configure:13292: result: yes
configure:13224: checking for tigetstr
configure:13227: testing tigetstr ...
configure:13267: gcc -o conftest -g -O2  -D_GNU_SOURCE -L/lib64  conftest.c -lform -lmenu -lpanel -lncurses  >&5
configure:13270: $? = 0
configure:13273: test -s conftest
configure:13276: $? = 0
configure:13292: result: yes
configure:13224: checking for typeahead
configure:13227: testing typeahead ...
configure:13267: gcc -o conftest -g -O2  -D_GNU_SOURCE -L/lib64  conftest.c -lform -lmenu -lpanel -lncurses  >&5
configure:13270: $? = 0
configure:13273: test -s conftest
configure:13276: $? = 0
configure:13292: result: yes
configure:13224: checking for use_default_colors
configure:13227: testing use_default_colors ...
configure:13267: gcc -o conftest -g -O2  -D_GNU_SOURCE -L/lib64  conftest.c -lform -lmenu -lpanel -lncurses  >&5
configure:13270: $? = 0
configure:13273: test -s conftest
configure:13276: $? = 0
configure:13292: result: yes
configure:13224: checking for vw_printw
configure:13227: testing vw_printw ...
configure:13267: gcc -o conftest -g -O2  -D_GNU_SOURCE -L/lib64  conftest.c -lform -lmenu -lpanel -lncurses  >&5
configure:13270: $? = 0
configure:13273: test -s conftest
configure:13276: $? = 0
configure:13292: result: yes
configure:13224: checking for vsscanf
configure:13227: testing vsscanf ...
configure:13267: gcc -o conftest -g -O2  -D_GNU_SOURCE -L/lib64  conftest.c -lform -lmenu -lpanel -lncurses  >&5
configure:13270: $? = 0
configure:13273: test -s conftest
configure:13276: $? = 0
configure:13292: result: yes
configure:13224: checking for wchgat
configure:13227: testing wchgat ...
configure:13267: gcc -o conftest -g -O2  -D_GNU_SOURCE -L/lib64  conftest.c -lform -lmenu -lpanel -lncurses  >&5
configure:13270: $? = 0
configure:13273: test -s conftest
configure:13276: $? = 0
configure:13292: result: yes
configure:13224: checking for winsstr
configure:13227: testing winsstr ...
configure:13267: gcc -o conftest -g -O2  -D_GNU_SOURCE -L/lib64  conftest.c -lform -lmenu -lpanel -lncurses  >&5
configure:13270: $? = 0
configure:13273: test -s conftest
configure:13276: $? = 0
configure:13292: result: yes
configure:13224: checking for wresize
configure:13227: testing wresize ...
configure:13267: gcc -o conftest -g -O2  -D_GNU_SOURCE -L/lib64  conftest.c -lform -lmenu -lpanel -lncurses  >&5
configure:13270: $? = 0
configure:13273: test -s conftest
configure:13276: $? = 0
configure:13292: result: yes
configure:13224: checking for wsyncdown
configure:13227: testing wsyncdown ...
configure:13267: gcc -o conftest -g -O2  -D_GNU_SOURCE -L/lib64  conftest.c -lform -lmenu -lpanel -lncurses  >&5
configure:13270: $? = 0
configure:13273: test -s conftest
configure:13276: $? = 0
configure:13292: result: yes
configure:13302: checking for ncurses extended functions
configure:13324: gcc -c -g -O2  -D_GNU_SOURCE conftest.c >&5
configure:13327: $? = 0
configure:13330: test -s conftest.o
configure:13333: $? = 0
configure:13389: result: defined
configure:13395: checking for wide-character functions
configure:13419: gcc -o conftest -g -O2  -D_GNU_SOURCE -L/lib64  conftest.c -lform -lmenu -lpanel -lncurses  >&5
/tmp/ccsS1rJa.o: In function `main':
/home/sulit/mygitsrc/clearning/ncurses-examples-20110404/configure:13411: undefined reference to `setcchar'
collect2: error: ld returned 1 exit status
configure:13422: $? = 1
configure: failed program was:
#line 13402 "configure"
#include "confdefs.h"

#include <curses.h>
int
main ()
{

	static wchar_t src_wchar[2];
	static cchar_t dst_cchar;
	setcchar(&dst_cchar, src_wchar, A_NORMAL, 0, (void *) 0);

  ;
  return 0;
}
configure:13439: result: no
configure:13459: checking for sys/types.h
configure:13471: gcc -c -g -O2  -D_GNU_SOURCE conftest.c >&5
configure:13474: $? = 0
configure:13477: test -s conftest.o
configure:13480: $? = 0
configure:13490: result: yes
configure:13459: checking for sys/stat.h
configure:13471: gcc -c -g -O2  -D_GNU_SOURCE conftest.c >&5
configure:13474: $? = 0
configure:13477: test -s conftest.o
configure:13480: $? = 0
configure:13490: result: yes
configure:13459: checking for stdlib.h
configure:13471: gcc -c -g -O2  -D_GNU_SOURCE conftest.c >&5
configure:13474: $? = 0
configure:13477: test -s conftest.o
configure:13480: $? = 0
configure:13490: result: yes
configure:13459: checking for string.h
configure:13471: gcc -c -g -O2  -D_GNU_SOURCE conftest.c >&5
configure:13474: $? = 0
configure:13477: test -s conftest.o
configure:13480: $? = 0
configure:13490: result: yes
configure:13459: checking for memory.h
configure:13471: gcc -c -g -O2  -D_GNU_SOURCE conftest.c >&5
configure:13474: $? = 0
configure:13477: test -s conftest.o
configure:13480: $? = 0
configure:13490: result: yes
configure:13459: checking for strings.h
configure:13471: gcc -c -g -O2  -D_GNU_SOURCE conftest.c >&5
configure:13474: $? = 0
configure:13477: test -s conftest.o
configure:13480: $? = 0
configure:13490: result: yes
configure:13459: checking for inttypes.h
configure:13471: gcc -c -g -O2  -D_GNU_SOURCE conftest.c >&5
configure:13474: $? = 0
configure:13477: test -s conftest.o
configure:13480: $? = 0
configure:13490: result: yes
configure:13459: checking for stdint.h
configure:13471: gcc -c -g -O2  -D_GNU_SOURCE conftest.c >&5
configure:13474: $? = 0
configure:13477: test -s conftest.o
configure:13480: $? = 0
configure:13490: result: yes
configure:13459: checking for unistd.h
configure:13490: result: yes
configure:13500: checking for pid_t
configure:13521: gcc -c -g -O2  -D_GNU_SOURCE conftest.c >&5
configure:13524: $? = 0
configure:13527: test -s conftest.o
configure:13530: $? = 0
configure:13540: result: yes
configure:13555: checking for unistd.h
configure:13590: result: yes
configure:13555: checking for vfork.h
configure:13565: gcc -E  -D_GNU_SOURCE conftest.c
configure:13562:19: fatal error: vfork.h: No such file or directory
compilation terminated.
configure:13571: $? = 1
configure: failed program was:
#line 13561 "configure"
#include "confdefs.h"
#include <vfork.h>
configure:13590: result: no
configure:13603: checking for fork
configure:13640: gcc -o conftest -g -O2  -D_GNU_SOURCE -L/lib64  conftest.c -lform -lmenu -lpanel -lncurses  >&5
configure:13619:6: warning: conflicting types for built-in function 'fork' [enabled by default]
configure:13643: $? = 0
configure:13646: test -s conftest
configure:13649: $? = 0
configure:13659: result: yes
configure:13603: checking for vfork
configure:13640: gcc -o conftest -g -O2  -D_GNU_SOURCE -L/lib64  conftest.c -lform -lmenu -lpanel -lncurses  >&5
configure:13643: $? = 0
configure:13646: test -s conftest
configure:13649: $? = 0
configure:13659: result: yes
configure:13671: checking for working fork
configure:13714: result: yes
configure:13733: checking for working vfork
configure:13859: result: yes
configure:13890: checking if sys/time.h works with sys/select.h
configure:13917: gcc -c -g -O2  -D_GNU_SOURCE conftest.c >&5
configure:13920: $? = 0
configure:13923: test -s conftest.o
configure:13926: $? = 0
configure:13938: result: yes
configure:13944: checking for function curses_version
configure:13967: gcc -o conftest -g -O2  -D_GNU_SOURCE -L/lib64  conftest.c -lform -lmenu -lpanel -lncurses  >&5
configure:13970: $? = 0
configure:13972: ./conftest
configure:13975: $? = 0
configure:13990: result: yes
configure:13996: checking for ncurses wrap-prefix
configure:14006: result: _nc_
configure:14009: checking for alternate character set array
configure:14035: gcc -o conftest -g -O2  -D_GNU_SOURCE -L/lib64  conftest.c -lform -lmenu -lpanel -lncurses  >&5
configure:14038: $? = 0
configure:14041: test -s conftest
configure:14044: $? = 0
configure:14055: result: acs_map
configure:14062: checking for wide alternate character set array
configure:14088: gcc -o conftest -g -O2  -D_GNU_SOURCE -L/lib64  conftest.c -lform -lmenu -lpanel -lncurses  >&5
configure: In function 'main':
configure:14081:15: error: 'wacs_map' undeclared (first use in this function)
configure:14081:15: note: each undeclared identifier is reported only once for each function it appears in
configure:14091: $? = 1
configure: failed program was:
#line 14072 "configure"
#include "confdefs.h"

#ifndef _XOPEN_SOURCE_EXTENDED
#define _XOPEN_SOURCE_EXTENDED
#endif
#include <curses.h>
int
main ()
{
void *foo = &(wacs_map['k'])
  ;
  return 0;
}
configure:14088: gcc -o conftest -g -O2  -D_GNU_SOURCE -L/lib64  conftest.c -lform -lmenu -lpanel -lncurses  >&5
configure: In function 'main':
configure:14081:15: error: '_wacs_map' undeclared (first use in this function)
configure:14081:15: note: each undeclared identifier is reported only once for each function it appears in
configure:14091: $? = 1
configure: failed program was:
#line 14072 "configure"
#include "confdefs.h"

#ifndef _XOPEN_SOURCE_EXTENDED
#define _XOPEN_SOURCE_EXTENDED
#endif
#include <curses.h>
int
main ()
{
void *foo = &(_wacs_map['k'])
  ;
  return 0;
}
configure:14088: gcc -o conftest -g -O2  -D_GNU_SOURCE -L/lib64  conftest.c -lform -lmenu -lpanel -lncurses  >&5
configure: In function 'main':
configure:14081:15: error: '__wacs_map' undeclared (first use in this function)
configure:14081:15: note: each undeclared identifier is reported only once for each function it appears in
configure:14091: $? = 1
configure: failed program was:
#line 14072 "configure"
#include "confdefs.h"

#ifndef _XOPEN_SOURCE_EXTENDED
#define _XOPEN_SOURCE_EXTENDED
#endif
#include <curses.h>
int
main ()
{
void *foo = &(__wacs_map['k'])
  ;
  return 0;
}
configure:14088: gcc -o conftest -g -O2  -D_GNU_SOURCE -L/lib64  conftest.c -lform -lmenu -lpanel -lncurses  >&5
configure: In function 'main':
configure:14081:15: error: '_nc_wacs' undeclared (first use in this function)
configure:14081:15: note: each undeclared identifier is reported only once for each function it appears in
configure:14091: $? = 1
configure: failed program was:
#line 14072 "configure"
#include "confdefs.h"

#ifndef _XOPEN_SOURCE_EXTENDED
#define _XOPEN_SOURCE_EXTENDED
#endif
#include <curses.h>
int
main ()
{
void *foo = &(_nc_wacs['k'])
  ;
  return 0;
}
configure:14088: gcc -o conftest -g -O2  -D_GNU_SOURCE -L/lib64  conftest.c -lform -lmenu -lpanel -lncurses  >&5
configure: In function 'main':
configure:14081:15: error: '_wacs_char' undeclared (first use in this function)
configure:14081:15: note: each undeclared identifier is reported only once for each function it appears in
configure:14091: $? = 1
configure: failed program was:
#line 14072 "configure"
#include "confdefs.h"

#ifndef _XOPEN_SOURCE_EXTENDED
#define _XOPEN_SOURCE_EXTENDED
#endif
#include <curses.h>
int
main ()
{
void *foo = &(_wacs_char['k'])
  ;
  return 0;
}
configure:14108: result: unknown
configure:14115: checking for wide alternate character constants
configure:14177: gcc -o conftest -g -O2  -D_GNU_SOURCE -L/lib64  conftest.c -lform -lmenu -lpanel -lncurses  >&5
configure: In function 'main':
configure:14170:16: error: 'WACS_PLUS' undeclared (first use in this function)
configure:14170:16: note: each undeclared identifier is reported only once for each function it appears in
configure:14180: $? = 1
configure: failed program was:
#line 14161 "configure"
#include "confdefs.h"

#ifndef _XOPEN_SOURCE_EXTENDED
#define _XOPEN_SOURCE_EXTENDED
#endif
#include <curses.h>
int
main ()
{
cchar_t *foo = WACS_PLUS
  ;
  return 0;
}
configure:14197: result: no
configure:14204: checking for type attr_t in curses.h
configure:14225: gcc -c -g -O2  -D_GNU_SOURCE conftest.c >&5
configure:14228: $? = 0
configure:14231: test -s conftest.o
configure:14234: $? = 0
configure:14243: result: yes
configure:14261: checking if we must include wchar.h to declare mbstate_t
configure:14286: gcc -c -g -O2  -D_GNU_SOURCE conftest.c >&5
configure: In function 'main':
configure:14279:1: error: unknown type name 'mbstate_t'
configure:14289: $? = 1
configure: failed program was:
#line 14268 "configure"
#include "confdefs.h"

#include <stdlib.h>
#include <stdarg.h>
#include <stdio.h>
#ifdef HAVE_LIBUTF8_H
#include <libutf8.h>
#endif
int
main ()
{
mbstate_t state
  ;
  return 0;
}
configure:14321: gcc -c -g -O2  -D_GNU_SOURCE conftest.c >&5
configure:14324: $? = 0
configure:14327: test -s conftest.o
configure:14330: $? = 0
configure:14342: result: yes
configure:14364: checking if we must include wchar.h to declare wchar_t
configure:14389: gcc -c -g -O2  -D_GNU_SOURCE conftest.c >&5
configure:14392: $? = 0
configure:14395: test -s conftest.o
configure:14398: $? = 0
configure:14445: result: no
configure:14467: checking if we must include wchar.h to declare wint_t
configure:14492: gcc -c -g -O2  -D_GNU_SOURCE conftest.c >&5
configure: In function 'main':
configure:14485:1: error: unknown type name 'wint_t'
configure:14495: $? = 1
configure: failed program was:
#line 14474 "configure"
#include "confdefs.h"

#include <stdlib.h>
#include <stdarg.h>
#include <stdio.h>
#ifdef HAVE_LIBUTF8_H
#include <libutf8.h>
#endif
int
main ()
{
wint_t state
  ;
  return 0;
}
configure:14527: gcc -c -g -O2  -D_GNU_SOURCE conftest.c >&5
configure:14530: $? = 0
configure:14533: test -s conftest.o
configure:14536: $? = 0
configure:14548: result: yes
configure:14749: checking for data boolnames declaration in curses.h
configure:14781: gcc -c -g -O2  -D_GNU_SOURCE conftest.c >&5
configure:14784: $? = 0
configure:14787: test -s conftest.o
configure:14790: $? = 0
configure:14799: result: yes
configure:14928: checking for data boolfnames declaration in curses.h
configure:14960: gcc -c -g -O2  -D_GNU_SOURCE conftest.c >&5
configure:14963: $? = 0
configure:14966: test -s conftest.o
configure:14969: $? = 0
configure:14978: result: yes
configure:15191: creating ./config.status

## ----------------------- ##
## Running config.status.  ##
## ----------------------- ##

This file was extended by config.status 2.52.20101002, executed with
  CONFIG_FILES    = 
  CONFIG_HEADERS  = 
  CONFIG_LINKS    = 
  CONFIG_COMMANDS = 
  > ./config.status 
on sulit

config.status:15697: creating Makefile
config.status:15794: creating ncurses_cfg.h

## ----------------- ##
## Cache variables.  ##
## ----------------- ##

ac_cv_build='x86_64-unknown-linux-gnu'
ac_cv_build_alias='x86_64-unknown-linux-gnu'
ac_cv_c_compiler_gnu='yes'
ac_cv_c_const='yes'
ac_cv_env_CC_set=''
ac_cv_env_CC_value=''
ac_cv_env_CFLAGS_set=''
ac_cv_env_CFLAGS_value=''
ac_cv_env_CPPFLAGS_set=''
ac_cv_env_CPPFLAGS_value=''
ac_cv_env_CPP_set=''
ac_cv_env_CPP_value=''
ac_cv_env_LDFLAGS_set=''
ac_cv_env_LDFLAGS_value=''
ac_cv_env_build_alias_set=''
ac_cv_env_build_alias_value=''
ac_cv_env_host_alias_set=''
ac_cv_env_host_alias_value=''
ac_cv_env_target_alias_set=''
ac_cv_env_target_alias_value=''
ac_cv_func_fork='yes'
ac_cv_func_fork_works='yes'
ac_cv_func_gettimeofday='yes'
ac_cv_func_mblen='yes'
ac_cv_func_mbrlen='yes'
ac_cv_func_mbrtowc='yes'
ac_cv_func_mbsrtowcs='yes'
ac_cv_func_mbstowcs='yes'
ac_cv_func_mbtowc='yes'
ac_cv_func_strdup='yes'
ac_cv_func_tgoto='no'
ac_cv_func_vfork='yes'
ac_cv_func_vfork_works='yes'
ac_cv_func_wcsrtombs='yes'
ac_cv_func_wcstombs='yes'
ac_cv_header_curses_h='yes'
ac_cv_header_form_h='yes'
ac_cv_header_getopt_h='yes'
ac_cv_header_inttypes_h='yes'
ac_cv_header_locale_h='yes'
ac_cv_header_math_h='yes'
ac_cv_header_memory_h='yes'
ac_cv_header_menu_h='yes'
ac_cv_header_nc_alloc_h='no'
ac_cv_header_nomacros_h='no'
ac_cv_header_panel_h='yes'
ac_cv_header_stdarg_h='yes'
ac_cv_header_stdc='yes'
ac_cv_header_stdint_h='yes'
ac_cv_header_stdlib_h='yes'
ac_cv_header_string_h='yes'
ac_cv_header_strings_h='yes'
ac_cv_header_sys_ioctl_h='yes'
ac_cv_header_sys_select_h='yes'
ac_cv_header_sys_stat_h='yes'
ac_cv_header_sys_time_h='yes'
ac_cv_header_sys_types_h='yes'
ac_cv_header_term_entry_h='yes'
ac_cv_header_termios_h='yes'
ac_cv_header_time='yes'
ac_cv_header_unistd_h='yes'
ac_cv_header_vfork_h='no'
ac_cv_host='x86_64-unknown-linux-gnu'
ac_cv_host_alias='x86_64-unknown-linux-gnu'
ac_cv_lib_form___form_driver='yes'
ac_cv_lib_menu___menu_driver='yes'
ac_cv_lib_ncurses___initscr='yes'
ac_cv_lib_ncurses___tgoto='yes'
ac_cv_lib_panel___new_panel='yes'
ac_cv_objext='o'
ac_cv_path_install='/usr/bin/install -c'
ac_cv_prog_AWK='mawk'
ac_cv_prog_CPP='gcc -E'
ac_cv_prog_CTAGS='ctags'
ac_cv_prog_ETAGS='etags'
ac_cv_prog_MAKE_LOWER_TAGS='yes'
ac_cv_prog_MAKE_UPPER_TAGS='yes'
ac_cv_prog_ac_ct_CC='gcc'
ac_cv_prog_cc_g='yes'
ac_cv_prog_cc_stdc=''
ac_cv_prog_make_make_set='yes'
ac_cv_type_pid_t='yes'
ac_cv_type_signal='void'
cf_cv_abi_version=''
cf_cv_ansi_cc='-DCC_HAS_PROTOS'
cf_cv_curses_acs_map='acs_map'
cf_cv_curses_dir='no'
cf_cv_curses_incdir='no'
cf_cv_curses_wacs_map='unknown'
cf_cv_curses_wacs_symbols='no'
cf_cv_func_chgat='yes'
cf_cv_func_color_set='yes'
cf_cv_func_curses_version='yes'
cf_cv_func_filter='yes'
cf_cv_func_getbegx='yes'
cf_cv_func_getcurx='yes'
cf_cv_func_getmaxx='yes'
cf_cv_func_getnstr='yes'
cf_cv_func_getparx='yes'
cf_cv_func_getwin='yes'
cf_cv_func_mvvline='yes'
cf_cv_func_mvwvline='yes'
cf_cv_func_napms='yes'
cf_cv_func_putwin='yes'
cf_cv_func_resize_term='yes'
cf_cv_func_resizeterm='yes'
cf_cv_func_ripoffline='yes'
cf_cv_func_scr_dump='yes'
cf_cv_func_setupterm='yes'
cf_cv_func_slk_color='yes'
cf_cv_func_slk_init='yes'
cf_cv_func_termattrs='yes'
cf_cv_func_tgetent='yes'
cf_cv_func_tigetnum='yes'
cf_cv_func_tigetstr='yes'
cf_cv_func_typeahead='yes'
cf_cv_func_use_default_colors='yes'
cf_cv_func_vsscanf='yes'
cf_cv_func_vw_printw='yes'
cf_cv_func_wchgat='yes'
cf_cv_func_winsstr='yes'
cf_cv_func_wresize='yes'
cf_cv_func_wsyncdown='yes'
cf_cv_gnu_source='yes'
cf_cv_libtype=''
cf_cv_mbstate_t='yes'
cf_cv_mixedcase='yes'
cf_cv_ncurses_ext_funcs='defined'
cf_cv_ncurses_header='curses.h'
cf_cv_ncurses_version='5.9.20110404'
cf_cv_need_libm='yes'
cf_cv_need_xopen_extension='no'
cf_cv_netbsd_form_h='no'
cf_cv_netbsd_menu_h='no'
cf_cv_rel_version=''
cf_cv_screen='curses'
cf_cv_sig_atomic_t='volatile sig_atomic_t'
cf_cv_sys_time_select='yes'
cf_cv_system_name='linux-gnu'
cf_cv_term_header='term.h'
cf_cv_wchar_t='no'
cf_cv_widechar_funcs='no'
cf_cv_wint_t='yes'

## ------------ ##
## confdefs.h.  ##
## ------------ ##

#define SYSTEM_NAME "linux-gnu"
#define MIXEDCASE_FILENAMES 1
#define CC_HAS_PROTOS 1
#define GCC_SCANF 1
#define GCC_SCANFLIKE(fmt,var)  __attribute__((format(scanf,fmt,var)))
#define GCC_PRINTF 1
#define GCC_PRINTFLIKE(fmt,var) __attribute__((format(printf,fmt,var)))
#define GCC_UNUSED __attribute__((unused))
#define GCC_NORETURN __attribute__((noreturn))
#define SIG_ATOMIC_T volatile sig_atomic_t
#define HAVE_CURSES_H 1
#define HAVE_TERM_H 1
#define NCURSES 1
#define HAVE_LIBPANEL 1
#define HAVE_LIBMENU 1
#define HAVE_LIBFORM 1
#define HAVE_FORM_H 1
#define HAVE_MENU_H 1
#define HAVE_PANEL_H 1
#define HAVE_TERM_ENTRY_H 1
#define RETSIGTYPE void
#define STDC_HEADERS 1
#define TIME_WITH_SYS_TIME 1
#define HAVE_GETOPT_H 1
#define HAVE_LOCALE_H 1
#define HAVE_MATH_H 1
#define HAVE_STDARG_H 1
#define HAVE_SYS_IOCTL_H 1
#define HAVE_SYS_SELECT_H 1
#define HAVE_SYS_TIME_H 1
#define HAVE_TERMIOS_H 1
#define HAVE_UNISTD_H 1
#define HAVE_GETTIMEOFDAY 1
#define HAVE_MBLEN 1
#define HAVE_MBRLEN 1
#define HAVE_MBRTOWC 1
#define HAVE_MBSRTOWCS 1
#define HAVE_MBSTOWCS 1
#define HAVE_MBTOWC 1
#define HAVE_STRDUP 1
#define HAVE_WCSRTOMBS 1
#define HAVE_WCSTOMBS 1
#define HAVE_TERM_H 1
#define HAVE_CHGAT 1
#define HAVE_COLOR_SET 1
#define HAVE_FILTER 1
#define HAVE_GETBEGX 1
#define HAVE_GETCURX 1
#define HAVE_GETMAXX 1
#define HAVE_GETNSTR 1
#define HAVE_GETPARX 1
#define HAVE_GETWIN 1
#define HAVE_MVVLINE 1
#define HAVE_MVWVLINE 1
#define HAVE_NAPMS 1
#define HAVE_PUTWIN 1
#define HAVE_RESIZE_TERM 1
#define HAVE_RESIZETERM 1
#define HAVE_RIPOFFLINE 1
#define HAVE_SCR_DUMP 1
#define HAVE_SETUPTERM 1
#define HAVE_SLK_COLOR 1
#define HAVE_SLK_INIT 1
#define HAVE_TERMATTRS 1
#define HAVE_TGETENT 1
#define HAVE_TIGETNUM 1
#define HAVE_TIGETSTR 1
#define HAVE_TYPEAHEAD 1
#define HAVE_USE_DEFAULT_COLORS 1
#define HAVE_VW_PRINTW 1
#define HAVE_VSSCANF 1
#define HAVE_WCHGAT 1
#define HAVE_WINSSTR 1
#define HAVE_WRESIZE 1
#define HAVE_WSYNCDOWN 1
#define USE_WIDEC_SUPPORT 0
#define HAVE_SYS_TYPES_H 1
#define HAVE_SYS_STAT_H 1
#define HAVE_STDLIB_H 1
#define HAVE_STRING_H 1
#define HAVE_MEMORY_H 1
#define HAVE_STRINGS_H 1
#define HAVE_INTTYPES_H 1
#define HAVE_STDINT_H 1
#define HAVE_UNISTD_H 1
#define HAVE_UNISTD_H 1
#define HAVE_FORK 1
#define HAVE_VFORK 1
#define HAVE_WORKING_VFORK 1
#define HAVE_WORKING_FORK 1
#define HAVE_SYS_TIME_SELECT 1
#define HAVE_CURSES_VERSION 1
#define CURSES_ACS_ARRAY acs_map
#define HAVE_TYPE_ATTR_T 1
#define NEED_WCHAR_H 1
#define NEED_WCHAR_H 1
#define HAVE_CURSES_DATA_BOOLNAMES 1
#define HAVE_CURSES_DATA_BOOLFNAMES 1


configure: exit 0
