G:\MYSERIALPORT\MYSERIALPORT\DEBUG\MYSERIALPORT.EXE
G:\MYSERIALPORT\MYSERIALPORT\DEBUG\MYSERIALPORT.ILK
G:\MYSERIALPORT\MYSERIALPORT\DEBUG\MYSERIALPORT.PDB
G:\mySerialport\mySerialport\mySerialport\Debug\cl.command.1.tlog
G:\mySerialport\mySerialport\mySerialport\Debug\CL.read.1.tlog
G:\mySerialport\mySerialport\mySerialport\Debug\CL.write.1.tlog
G:\mySerialport\mySerialport\mySerialport\Debug\link.command.1.tlog
G:\mySerialport\mySerialport\mySerialport\Debug\link.read.1.tlog
G:\mySerialport\mySerialport\mySerialport\Debug\link.write.1.tlog
G:\mySerialport\mySerialport\mySerialport\Debug\link-cvtres.read.1.tlog
G:\mySerialport\mySerialport\mySerialport\Debug\link-cvtres.write.1.tlog
G:\mySerialport\mySerialport\mySerialport\Debug\mt.command.1.tlog
G:\mySerialport\mySerialport\mySerialport\Debug\mt.read.1.tlog
G:\mySerialport\mySerialport\mySerialport\Debug\mt.write.1.tlog
G:\MYSERIALPORT\MYSERIALPORT\MYSERIALPORT\DEBUG\MYSERIALPORT.EXE.EMBED.MANIFEST
G:\MYSERIALPORT\MYSERIALPORT\MYSERIALPORT\DEBUG\MYSERIALPORT.EXE.EMBED.MANIFEST.RES
G:\MYSERIALPORT\MYSERIALPORT\MYSERIALPORT\DEBUG\MYSERIALPORT.EXE.INTERMEDIATE.MANIFEST
G:\MYSERIALPORT\MYSERIALPORT\MYSERIALPORT\DEBUG\MYSERIALPORT.OBJ
G:\MYSERIALPORT\MYSERIALPORT\MYSERIALPORT\DEBUG\MYSERIALPORT.PCH
G:\mySerialport\mySerialport\mySerialport\Debug\mySerialport_manifest.rc
G:\mySerialport\mySerialport\mySerialport\Debug\rc.command.1.tlog
G:\mySerialport\mySerialport\mySerialport\Debug\rc.read.1.tlog
G:\mySerialport\mySerialport\mySerialport\Debug\rc.write.1.tlog
G:\MYSERIALPORT\MYSERIALPORT\MYSERIALPORT\DEBUG\SERIALPORT.OBJ
G:\MYSERIALPORT\MYSERIALPORT\MYSERIALPORT\DEBUG\STDAFX.OBJ
G:\mySerialport\mySerialport\mySerialport\Debug\vc100.idb
G:\MYSERIALPORT\MYSERIALPORT\MYSERIALPORT\DEBUG\VC100.PDB
