This file contains any messages produced by compilers while
running configure, to aid debugging if configure makes a mistake.

It was created by cmockery2 configure 1.3.9, which was
generated by GNU Autoconf 2.69.  Invocation command line was

  $ ./configure 

## --------- ##
## Platform. ##
## --------- ##

hostname = kali
uname -m = i686
uname -r = 3.12-kali1-686-pae
uname -s = Linux
uname -v = #1 SMP Debian 3.12.6-2kali1 (2014-01-06)

/usr/bin/uname -p = unknown
/bin/uname -X     = unknown

/bin/arch              = unknown
/usr/bin/arch -k       = unknown
/usr/convex/getsysinfo = unknown
/usr/bin/hostinfo      = unknown
/bin/machine           = unknown
/usr/bin/oslevel       = unknown
/bin/universe          = unknown

PATH: /home/sulit/bin/android-ndk-r10
PATH: /usr/local/bin
PATH: /usr/bin
PATH: /bin
PATH: /usr/local/games
PATH: /usr/games


## ----------- ##
## Core tests. ##
## ----------- ##

configure:2447: checking for a BSD-compatible install
configure:2515: result: /usr/bin/install -c
configure:2526: checking whether build environment is sane
configure:2576: result: yes
configure:2717: checking for a thread-safe mkdir -p
configure:2756: result: /bin/mkdir -p
configure:2769: checking for gawk
configure:2799: result: no
configure:2769: checking for mawk
configure:2785: found /usr/bin/mawk
configure:2796: result: mawk
configure:2807: checking whether make sets $(MAKE)
configure:2829: result: yes
configure:2921: checking for style of include used by make
configure:2949: result: GNU
configure:3020: checking for gcc
configure:3036: found /usr/bin/gcc
configure:3047: result: gcc
configure:3276: checking for C compiler version
configure:3285: gcc --version >&5
gcc (Debian 4.7.2-5) 4.7.2
Copyright (C) 2012 Free Software Foundation, Inc.
This is free software; see the source for copying conditions.  There is NO
warranty; not even for MERCHANTABILITY or FITNESS FOR A PARTICULAR PURPOSE.

configure:3296: $? = 0
configure:3285: gcc -v >&5
Using built-in specs.
COLLECT_GCC=gcc
COLLECT_LTO_WRAPPER=/usr/lib/gcc/i486-linux-gnu/4.7/lto-wrapper
Target: i486-linux-gnu
Configured with: ../src/configure -v --with-pkgversion='Debian 4.7.2-5' --with-bugurl=file:///usr/share/doc/gcc-4.7/README.Bugs --enable-languages=c,c++,go,fortran,objc,obj-c++ --prefix=/usr --program-suffix=-4.7 --enable-shared --enable-linker-build-id --with-system-zlib --libexecdir=/usr/lib --without-included-gettext --enable-threads=posix --with-gxx-include-dir=/usr/include/c++/4.7 --libdir=/usr/lib --enable-nls --with-sysroot=/ --enable-clocale=gnu --enable-libstdcxx-debug --enable-libstdcxx-time=yes --enable-gnu-unique-object --enable-plugin --enable-objc-gc --enable-targets=all --with-arch-32=i586 --with-tune=generic --enable-checking=release --build=i486-linux-gnu --host=i486-linux-gnu --target=i486-linux-gnu
Thread model: posix
gcc version 4.7.2 (Debian 4.7.2-5) 
configure:3296: $? = 0
configure:3285: gcc -V >&5
gcc: error: unrecognized command line option '-V'
gcc: fatal error: no input files
compilation terminated.
configure:3296: $? = 4
configure:3285: gcc -qversion >&5
gcc: error: unrecognized command line option '-qversion'
gcc: fatal error: no input files
compilation terminated.
configure:3296: $? = 4
configure:3316: checking whether the C compiler works
configure:3338: gcc    conftest.c  >&5
configure:3342: $? = 0
configure:3390: result: yes
configure:3393: checking for C compiler default output file name
configure:3395: result: a.out
configure:3401: checking for suffix of executables
configure:3408: gcc -o conftest    conftest.c  >&5
configure:3412: $? = 0
configure:3434: result: 
configure:3456: checking whether we are cross compiling
configure:3464: gcc -o conftest    conftest.c  >&5
configure:3468: $? = 0
configure:3475: ./conftest
configure:3479: $? = 0
configure:3494: result: no
configure:3499: checking for suffix of object files
configure:3521: gcc -c   conftest.c >&5
configure:3525: $? = 0
configure:3546: result: o
configure:3550: checking whether we are using the GNU C compiler
configure:3569: gcc -c   conftest.c >&5
configure:3569: $? = 0
configure:3578: result: yes
configure:3587: checking whether gcc accepts -g
configure:3607: gcc -c -g  conftest.c >&5
configure:3607: $? = 0
configure:3648: result: yes
configure:3665: checking for gcc option to accept ISO C89
configure:3728: gcc  -c -g -O2  conftest.c >&5
configure:3728: $? = 0
configure:3741: result: none needed
configure:3763: checking dependency style of gcc
configure:3874: result: gcc3
configure:3895: checking how to run the C preprocessor
configure:3926: gcc -E  conftest.c
configure:3926: $? = 0
configure:3940: gcc -E  conftest.c
conftest.c:11:28: fatal error: ac_nonexistent.h: No such file or directory
compilation terminated.
configure:3940: $? = 1
configure: failed program was:
| /* confdefs.h */
| #define PACKAGE_NAME "cmockery2"
| #define PACKAGE_TARNAME "cmockery2"
| #define PACKAGE_VERSION "1.3.9"
| #define PACKAGE_STRING "cmockery2 1.3.9"
| #define PACKAGE_BUGREPORT "lpabon@redhat.com"
| #define PACKAGE_URL ""
| #define PACKAGE "cmockery2"
| #define VERSION "1.3.9"
| /* end confdefs.h.  */
| #include <ac_nonexistent.h>
configure:3965: result: gcc -E
configure:3985: gcc -E  conftest.c
configure:3985: $? = 0
configure:3999: gcc -E  conftest.c
conftest.c:11:28: fatal error: ac_nonexistent.h: No such file or directory
compilation terminated.
configure:3999: $? = 1
configure: failed program was:
| /* confdefs.h */
| #define PACKAGE_NAME "cmockery2"
| #define PACKAGE_TARNAME "cmockery2"
| #define PACKAGE_VERSION "1.3.9"
| #define PACKAGE_STRING "cmockery2 1.3.9"
| #define PACKAGE_BUGREPORT "lpabon@redhat.com"
| #define PACKAGE_URL ""
| #define PACKAGE "cmockery2"
| #define VERSION "1.3.9"
| /* end confdefs.h.  */
| #include <ac_nonexistent.h>
configure:4028: checking for grep that handles long lines and -e
configure:4086: result: /bin/grep
configure:4091: checking for egrep
configure:4153: result: /bin/grep -E
configure:4158: checking for ANSI C header files
configure:4178: gcc -c -g -O2  conftest.c >&5
configure:4178: $? = 0
configure:4251: gcc -o conftest -g -O2   conftest.c  >&5
configure:4251: $? = 0
configure:4251: ./conftest
configure:4251: $? = 0
configure:4262: result: yes
configure:4275: checking for sys/types.h
configure:4275: gcc -c -g -O2  conftest.c >&5
configure:4275: $? = 0
configure:4275: result: yes
configure:4275: checking for sys/stat.h
configure:4275: gcc -c -g -O2  conftest.c >&5
configure:4275: $? = 0
configure:4275: result: yes
configure:4275: checking for stdlib.h
configure:4275: gcc -c -g -O2  conftest.c >&5
configure:4275: $? = 0
configure:4275: result: yes
configure:4275: checking for string.h
configure:4275: gcc -c -g -O2  conftest.c >&5
configure:4275: $? = 0
configure:4275: result: yes
configure:4275: checking for memory.h
configure:4275: gcc -c -g -O2  conftest.c >&5
configure:4275: $? = 0
configure:4275: result: yes
configure:4275: checking for strings.h
configure:4275: gcc -c -g -O2  conftest.c >&5
configure:4275: $? = 0
configure:4275: result: yes
configure:4275: checking for inttypes.h
configure:4275: gcc -c -g -O2  conftest.c >&5
configure:4275: $? = 0
configure:4275: result: yes
configure:4275: checking for stdint.h
configure:4275: gcc -c -g -O2  conftest.c >&5
configure:4275: $? = 0
configure:4275: result: yes
configure:4275: checking for unistd.h
configure:4275: gcc -c -g -O2  conftest.c >&5
configure:4275: $? = 0
configure:4275: result: yes
configure:4288: checking minix/config.h usability
configure:4288: gcc -c -g -O2  conftest.c >&5
conftest.c:54:26: fatal error: minix/config.h: No such file or directory
compilation terminated.
configure:4288: $? = 1
configure: failed program was:
| /* confdefs.h */
| #define PACKAGE_NAME "cmockery2"
| #define PACKAGE_TARNAME "cmockery2"
| #define PACKAGE_VERSION "1.3.9"
| #define PACKAGE_STRING "cmockery2 1.3.9"
| #define PACKAGE_BUGREPORT "lpabon@redhat.com"
| #define PACKAGE_URL ""
| #define PACKAGE "cmockery2"
| #define VERSION "1.3.9"
| #define STDC_HEADERS 1
| #define HAVE_SYS_TYPES_H 1
| #define HAVE_SYS_STAT_H 1
| #define HAVE_STDLIB_H 1
| #define HAVE_STRING_H 1
| #define HAVE_MEMORY_H 1
| #define HAVE_STRINGS_H 1
| #define HAVE_INTTYPES_H 1
| #define HAVE_STDINT_H 1
| #define HAVE_UNISTD_H 1
| /* end confdefs.h.  */
| #include <stdio.h>
| #ifdef HAVE_SYS_TYPES_H
| # include <sys/types.h>
| #endif
| #ifdef HAVE_SYS_STAT_H
| # include <sys/stat.h>
| #endif
| #ifdef STDC_HEADERS
| # include <stdlib.h>
| # include <stddef.h>
| #else
| # ifdef HAVE_STDLIB_H
| #  include <stdlib.h>
| # endif
| #endif
| #ifdef HAVE_STRING_H
| # if !defined STDC_HEADERS && defined HAVE_MEMORY_H
| #  include <memory.h>
| # endif
| # include <string.h>
| #endif
| #ifdef HAVE_STRINGS_H
| # include <strings.h>
| #endif
| #ifdef HAVE_INTTYPES_H
| # include <inttypes.h>
| #endif
| #ifdef HAVE_STDINT_H
| # include <stdint.h>
| #endif
| #ifdef HAVE_UNISTD_H
| # include <unistd.h>
| #endif
| #include <minix/config.h>
configure:4288: result: no
configure:4288: checking minix/config.h presence
configure:4288: gcc -E  conftest.c
conftest.c:21:26: fatal error: minix/config.h: No such file or directory
compilation terminated.
configure:4288: $? = 1
configure: failed program was:
| /* confdefs.h */
| #define PACKAGE_NAME "cmockery2"
| #define PACKAGE_TARNAME "cmockery2"
| #define PACKAGE_VERSION "1.3.9"
| #define PACKAGE_STRING "cmockery2 1.3.9"
| #define PACKAGE_BUGREPORT "lpabon@redhat.com"
| #define PACKAGE_URL ""
| #define PACKAGE "cmockery2"
| #define VERSION "1.3.9"
| #define STDC_HEADERS 1
| #define HAVE_SYS_TYPES_H 1
| #define HAVE_SYS_STAT_H 1
| #define HAVE_STDLIB_H 1
| #define HAVE_STRING_H 1
| #define HAVE_MEMORY_H 1
| #define HAVE_STRINGS_H 1
| #define HAVE_INTTYPES_H 1
| #define HAVE_STDINT_H 1
| #define HAVE_UNISTD_H 1
| /* end confdefs.h.  */
| #include <minix/config.h>
configure:4288: result: no
configure:4288: checking for minix/config.h
configure:4288: result: no
configure:4309: checking whether it is safe to define __EXTENSIONS__
configure:4327: gcc -c -g -O2  conftest.c >&5
configure:4327: $? = 0
configure:4334: result: yes
configure:4398: checking for ar
configure:4414: found /usr/bin/ar
configure:4425: result: ar
configure:4451: checking the archiver (ar) interface
configure:4461: gcc -c -g -O2  conftest.c >&5
configure:4461: $? = 0
configure:4463: ar cru libconftest.a conftest.o >&5
configure:4466: $? = 0
configure:4489: result: ar
configure:4561: checking for gcc
configure:4588: result: gcc
configure:4817: checking for C compiler version
configure:4826: gcc --version >&5
gcc (Debian 4.7.2-5) 4.7.2
Copyright (C) 2012 Free Software Foundation, Inc.
This is free software; see the source for copying conditions.  There is NO
warranty; not even for MERCHANTABILITY or FITNESS FOR A PARTICULAR PURPOSE.

configure:4837: $? = 0
configure:4826: gcc -v >&5
Using built-in specs.
COLLECT_GCC=gcc
COLLECT_LTO_WRAPPER=/usr/lib/gcc/i486-linux-gnu/4.7/lto-wrapper
Target: i486-linux-gnu
Configured with: ../src/configure -v --with-pkgversion='Debian 4.7.2-5' --with-bugurl=file:///usr/share/doc/gcc-4.7/README.Bugs --enable-languages=c,c++,go,fortran,objc,obj-c++ --prefix=/usr --program-suffix=-4.7 --enable-shared --enable-linker-build-id --with-system-zlib --libexecdir=/usr/lib --without-included-gettext --enable-threads=posix --with-gxx-include-dir=/usr/include/c++/4.7 --libdir=/usr/lib --enable-nls --with-sysroot=/ --enable-clocale=gnu --enable-libstdcxx-debug --enable-libstdcxx-time=yes --enable-gnu-unique-object --enable-plugin --enable-objc-gc --enable-targets=all --with-arch-32=i586 --with-tune=generic --enable-checking=release --build=i486-linux-gnu --host=i486-linux-gnu --target=i486-linux-gnu
Thread model: posix
gcc version 4.7.2 (Debian 4.7.2-5) 
configure:4837: $? = 0
configure:4826: gcc -V >&5
gcc: error: unrecognized command line option '-V'
gcc: fatal error: no input files
compilation terminated.
configure:4837: $? = 4
configure:4826: gcc -qversion >&5
gcc: error: unrecognized command line option '-qversion'
gcc: fatal error: no input files
compilation terminated.
configure:4837: $? = 4
configure:4841: checking whether we are using the GNU C compiler
configure:4869: result: yes
configure:4878: checking whether gcc accepts -g
configure:4939: result: yes
configure:4956: checking for gcc option to accept ISO C89
configure:5032: result: none needed
configure:5054: checking dependency style of gcc
configure:5165: result: gcc3
configure:5185: checking how to run the C preprocessor
configure:5255: result: gcc -E
configure:5275: gcc -E  conftest.c
configure:5275: $? = 0
configure:5289: gcc -E  conftest.c
conftest.c:26:28: fatal error: ac_nonexistent.h: No such file or directory
compilation terminated.
configure:5289: $? = 1
configure: failed program was:
| /* confdefs.h */
| #define PACKAGE_NAME "cmockery2"
| #define PACKAGE_TARNAME "cmockery2"
| #define PACKAGE_VERSION "1.3.9"
| #define PACKAGE_STRING "cmockery2 1.3.9"
| #define PACKAGE_BUGREPORT "lpabon@redhat.com"
| #define PACKAGE_URL ""
| #define PACKAGE "cmockery2"
| #define VERSION "1.3.9"
| #define STDC_HEADERS 1
| #define HAVE_SYS_TYPES_H 1
| #define HAVE_SYS_STAT_H 1
| #define HAVE_STDLIB_H 1
| #define HAVE_STRING_H 1
| #define HAVE_MEMORY_H 1
| #define HAVE_STRINGS_H 1
| #define HAVE_INTTYPES_H 1
| #define HAVE_STDINT_H 1
| #define HAVE_UNISTD_H 1
| #define __EXTENSIONS__ 1
| #define _ALL_SOURCE 1
| #define _GNU_SOURCE 1
| #define _POSIX_PTHREAD_SEMANTICS 1
| #define _TANDEM_SOURCE 1
| /* end confdefs.h.  */
| #include <ac_nonexistent.h>
configure:5375: checking for g++
configure:5391: found /usr/bin/g++
configure:5402: result: g++
configure:5429: checking for C++ compiler version
configure:5438: g++ --version >&5
g++ (Debian 4.7.2-5) 4.7.2
Copyright (C) 2012 Free Software Foundation, Inc.
This is free software; see the source for copying conditions.  There is NO
warranty; not even for MERCHANTABILITY or FITNESS FOR A PARTICULAR PURPOSE.

configure:5449: $? = 0
configure:5438: g++ -v >&5
Using built-in specs.
COLLECT_GCC=g++
COLLECT_LTO_WRAPPER=/usr/lib/gcc/i486-linux-gnu/4.7/lto-wrapper
Target: i486-linux-gnu
Configured with: ../src/configure -v --with-pkgversion='Debian 4.7.2-5' --with-bugurl=file:///usr/share/doc/gcc-4.7/README.Bugs --enable-languages=c,c++,go,fortran,objc,obj-c++ --prefix=/usr --program-suffix=-4.7 --enable-shared --enable-linker-build-id --with-system-zlib --libexecdir=/usr/lib --without-included-gettext --enable-threads=posix --with-gxx-include-dir=/usr/include/c++/4.7 --libdir=/usr/lib --enable-nls --with-sysroot=/ --enable-clocale=gnu --enable-libstdcxx-debug --enable-libstdcxx-time=yes --enable-gnu-unique-object --enable-plugin --enable-objc-gc --enable-targets=all --with-arch-32=i586 --with-tune=generic --enable-checking=release --build=i486-linux-gnu --host=i486-linux-gnu --target=i486-linux-gnu
Thread model: posix
gcc version 4.7.2 (Debian 4.7.2-5) 
configure:5449: $? = 0
configure:5438: g++ -V >&5
g++: error: unrecognized command line option '-V'
g++: fatal error: no input files
compilation terminated.
configure:5449: $? = 4
configure:5438: g++ -qversion >&5
g++: error: unrecognized command line option '-qversion'
g++: fatal error: no input files
compilation terminated.
configure:5449: $? = 4
configure:5453: checking whether we are using the GNU C++ compiler
configure:5472: g++ -c   conftest.cpp >&5
configure:5472: $? = 0
configure:5481: result: yes
configure:5490: checking whether g++ accepts -g
configure:5510: g++ -c -g  conftest.cpp >&5
configure:5510: $? = 0
configure:5551: result: yes
configure:5576: checking dependency style of g++
configure:5687: result: gcc3
configure:5704: checking if compiling with clang
configure:5721: gcc -c -g -O2  conftest.c >&5
conftest.c: In function 'main':
conftest.c:32:8: error: unknown type name 'not'
configure:5721: $? = 1
configure: failed program was:
| /* confdefs.h */
| #define PACKAGE_NAME "cmockery2"
| #define PACKAGE_TARNAME "cmockery2"
| #define PACKAGE_VERSION "1.3.9"
| #define PACKAGE_STRING "cmockery2 1.3.9"
| #define PACKAGE_BUGREPORT "lpabon@redhat.com"
| #define PACKAGE_URL ""
| #define PACKAGE "cmockery2"
| #define VERSION "1.3.9"
| #define STDC_HEADERS 1
| #define HAVE_SYS_TYPES_H 1
| #define HAVE_SYS_STAT_H 1
| #define HAVE_STDLIB_H 1
| #define HAVE_STRING_H 1
| #define HAVE_MEMORY_H 1
| #define HAVE_STRINGS_H 1
| #define HAVE_INTTYPES_H 1
| #define HAVE_STDINT_H 1
| #define HAVE_UNISTD_H 1
| #define __EXTENSIONS__ 1
| #define _ALL_SOURCE 1
| #define _GNU_SOURCE 1
| #define _POSIX_PTHREAD_SEMANTICS 1
| #define _TANDEM_SOURCE 1
| /* end confdefs.h.  */
| 
| int
| main ()
| {
| 
| #ifndef __clang__
|        not clang
| #endif
| 
|   ;
|   return 0;
| }
configure:5727: result: no
configure:5812: checking build system type
configure:5826: result: i686-pc-linux-gnu
configure:5846: checking host system type
configure:5859: result: i686-pc-linux-gnu
configure:5900: checking how to print strings
configure:5927: result: printf
configure:5948: checking for a sed that does not truncate output
configure:6012: result: /bin/sed
configure:6030: checking for fgrep
configure:6092: result: /bin/grep -F
configure:6127: checking for ld used by gcc
configure:6194: result: /usr/bin/ld
configure:6201: checking if the linker (/usr/bin/ld) is GNU ld
configure:6216: result: yes
configure:6228: checking for BSD- or MS-compatible name lister (nm)
configure:6277: result: /usr/bin/nm -B
configure:6407: checking the name lister (/usr/bin/nm -B) interface
configure:6414: gcc -c  -g -O2  conftest.c >&5
configure:6417: /usr/bin/nm -B "conftest.o"
configure:6420: output
00000000 B some_variable
configure:6427: result: BSD nm
configure:6430: checking whether ln -s works
configure:6434: result: yes
configure:6442: checking the maximum length of command line arguments
configure:6572: result: 1572864
configure:6589: checking whether the shell understands some XSI constructs
configure:6599: result: yes
configure:6603: checking whether the shell understands "+="
configure:6609: result: yes
configure:6644: checking how to convert i686-pc-linux-gnu file names to i686-pc-linux-gnu format
configure:6684: result: func_convert_file_noop
configure:6691: checking how to convert i686-pc-linux-gnu file names to toolchain format
configure:6711: result: func_convert_file_noop
configure:6718: checking for /usr/bin/ld option to reload object files
configure:6725: result: -r
configure:6799: checking for objdump
configure:6815: found /usr/bin/objdump
configure:6826: result: objdump
configure:6858: checking how to recognize dependent libraries
configure:7056: result: pass_all
configure:7141: checking for dlltool
configure:7171: result: no
configure:7201: checking how to associate runtime and link libraries
configure:7228: result: printf %s\n
configure:7352: checking for archiver @FILE support
configure:7369: gcc -c  -g -O2  conftest.c >&5
configure:7369: $? = 0
configure:7372: ar cru libconftest.a @conftest.lst >&5
configure:7375: $? = 0
configure:7380: ar cru libconftest.a @conftest.lst >&5
ar: conftest.o: No such file or directory
configure:7383: $? = 1
configure:7395: result: @
configure:7453: checking for strip
configure:7469: found /usr/bin/strip
configure:7480: result: strip
configure:7552: checking for ranlib
configure:7568: found /usr/bin/ranlib
configure:7579: result: ranlib
configure:7681: checking command to parse /usr/bin/nm -B output from gcc object
configure:7801: gcc -c  -g -O2  conftest.c >&5
configure:7804: $? = 0
configure:7808: /usr/bin/nm -B conftest.o \| sed -n -e 's/^.*[ ]\([ABCDGIRSTW][ABCDGIRSTW]*\)[ ][ ]*\([_A-Za-z][_A-Za-z0-9]*\)$/\1 \2 \2/p' | sed '/ __gnu_lto/d' \> conftest.nm
configure:7811: $? = 0
configure:7877: gcc -o conftest  -g -O2   conftest.c conftstm.o >&5
configure:7880: $? = 0
configure:7918: result: ok
configure:7955: checking for sysroot
configure:7985: result: no
configure:8241: checking for mt
configure:8257: found /bin/mt
configure:8268: result: mt
configure:8291: checking if mt is a manifest tool
configure:8297: mt '-?'
configure:8305: result: no
configure:8944: checking for dlfcn.h
configure:8944: gcc -c  -g -O2  conftest.c >&5
configure:8944: $? = 0
configure:8944: result: yes
configure:9161: checking for objdir
configure:9176: result: .libs
configure:9443: checking if gcc supports -fno-rtti -fno-exceptions
configure:9461: gcc -c  -g -O2  -fno-rtti -fno-exceptions conftest.c >&5
cc1: warning: command line option '-fno-rtti' is valid for C++/ObjC++ but not for C [enabled by default]
configure:9465: $? = 0
configure:9478: result: no
configure:9805: checking for gcc option to produce PIC
configure:9812: result: -fPIC -DPIC
configure:9820: checking if gcc PIC flag -fPIC -DPIC works
configure:9838: gcc -c  -g -O2  -fPIC -DPIC -DPIC conftest.c >&5
configure:9842: $? = 0
configure:9855: result: yes
configure:9884: checking if gcc static flag -static works
configure:9912: result: yes
configure:9927: checking if gcc supports -c -o file.o
configure:9948: gcc -c  -g -O2  -o out/conftest2.o conftest.c >&5
configure:9952: $? = 0
configure:9974: result: yes
configure:9982: checking if gcc supports -c -o file.o
configure:10029: result: yes
configure:10062: checking whether the gcc linker (/usr/bin/ld) supports shared libraries
configure:11219: result: yes
configure:11256: checking whether -lc should be explicitly linked in
configure:11264: gcc -c  -g -O2  conftest.c >&5
configure:11267: $? = 0
configure:11282: gcc -shared  -fPIC -DPIC conftest.o  -v -Wl,-soname -Wl,conftest -o conftest 2\>\&1 \| /bin/grep  -lc  \>/dev/null 2\>\&1
configure:11285: $? = 0
configure:11299: result: no
configure:11459: checking dynamic linker characteristics
configure:11959: gcc -o conftest  -g -O2   -Wl,-rpath -Wl,/foo conftest.c  >&5
configure:11959: $? = 0
configure:12193: result: GNU/Linux ld.so
configure:12300: checking how to hardcode library paths into programs
configure:12325: result: immediate
configure:12865: checking whether stripping libraries is possible
configure:12870: result: yes
configure:12905: checking if libtool supports shared libraries
configure:12907: result: yes
configure:12910: checking whether to build shared libraries
configure:12931: result: yes
configure:12934: checking whether to build static libraries
configure:12938: result: yes
configure:12961: checking how to run the C++ preprocessor
configure:12988: g++ -E  conftest.cpp
configure:12988: $? = 0
configure:13002: g++ -E  conftest.cpp
conftest.cpp:28:28: fatal error: ac_nonexistent.h: No such file or directory
compilation terminated.
configure:13002: $? = 1
configure: failed program was:
| /* confdefs.h */
| #define PACKAGE_NAME "cmockery2"
| #define PACKAGE_TARNAME "cmockery2"
| #define PACKAGE_VERSION "1.3.9"
| #define PACKAGE_STRING "cmockery2 1.3.9"
| #define PACKAGE_BUGREPORT "lpabon@redhat.com"
| #define PACKAGE_URL ""
| #define PACKAGE "cmockery2"
| #define VERSION "1.3.9"
| #define STDC_HEADERS 1
| #define HAVE_SYS_TYPES_H 1
| #define HAVE_SYS_STAT_H 1
| #define HAVE_STDLIB_H 1
| #define HAVE_STRING_H 1
| #define HAVE_MEMORY_H 1
| #define HAVE_STRINGS_H 1
| #define HAVE_INTTYPES_H 1
| #define HAVE_STDINT_H 1
| #define HAVE_UNISTD_H 1
| #define __EXTENSIONS__ 1
| #define _ALL_SOURCE 1
| #define _GNU_SOURCE 1
| #define _POSIX_PTHREAD_SEMANTICS 1
| #define _TANDEM_SOURCE 1
| #define HAVE_DLFCN_H 1
| #define LT_OBJDIR ".libs/"
| /* end confdefs.h.  */
| #include <ac_nonexistent.h>
configure:13027: result: g++ -E
configure:13047: g++ -E  conftest.cpp
configure:13047: $? = 0
configure:13061: g++ -E  conftest.cpp
conftest.cpp:28:28: fatal error: ac_nonexistent.h: No such file or directory
compilation terminated.
configure:13061: $? = 1
configure: failed program was:
| /* confdefs.h */
| #define PACKAGE_NAME "cmockery2"
| #define PACKAGE_TARNAME "cmockery2"
| #define PACKAGE_VERSION "1.3.9"
| #define PACKAGE_STRING "cmockery2 1.3.9"
| #define PACKAGE_BUGREPORT "lpabon@redhat.com"
| #define PACKAGE_URL ""
| #define PACKAGE "cmockery2"
| #define VERSION "1.3.9"
| #define STDC_HEADERS 1
| #define HAVE_SYS_TYPES_H 1
| #define HAVE_SYS_STAT_H 1
| #define HAVE_STDLIB_H 1
| #define HAVE_STRING_H 1
| #define HAVE_MEMORY_H 1
| #define HAVE_STRINGS_H 1
| #define HAVE_INTTYPES_H 1
| #define HAVE_STDINT_H 1
| #define HAVE_UNISTD_H 1
| #define __EXTENSIONS__ 1
| #define _ALL_SOURCE 1
| #define _GNU_SOURCE 1
| #define _POSIX_PTHREAD_SEMANTICS 1
| #define _TANDEM_SOURCE 1
| #define HAVE_DLFCN_H 1
| #define LT_OBJDIR ".libs/"
| /* end confdefs.h.  */
| #include <ac_nonexistent.h>
configure:13230: checking for ld used by g++
configure:13297: result: /usr/bin/ld
configure:13304: checking if the linker (/usr/bin/ld) is GNU ld
configure:13319: result: yes
configure:13374: checking whether the g++ linker (/usr/bin/ld) supports shared libraries
configure:14376: result: yes
configure:14412: g++ -c -g -O2  conftest.cpp >&5
configure:14415: $? = 0
configure:14935: checking for g++ option to produce PIC
configure:14942: result: -fPIC -DPIC
configure:14950: checking if g++ PIC flag -fPIC -DPIC works
configure:14968: g++ -c -g -O2  -fPIC -DPIC -DPIC conftest.cpp >&5
configure:14972: $? = 0
configure:14985: result: yes
configure:15008: checking if g++ static flag -static works
configure:15036: result: yes
configure:15048: checking if g++ supports -c -o file.o
configure:15069: g++ -c -g -O2  -o out/conftest2.o conftest.cpp >&5
configure:15073: $? = 0
configure:15095: result: yes
configure:15100: checking if g++ supports -c -o file.o
configure:15147: result: yes
configure:15177: checking whether the g++ linker (/usr/bin/ld) supports shared libraries
configure:15216: result: yes
configure:15357: checking dynamic linker characteristics
configure:16025: result: GNU/Linux ld.so
configure:16078: checking how to hardcode library paths into programs
configure:16103: result: immediate
configure:16167: checking for ANSI C header files
configure:16271: result: yes
configure:16282: checking whether gcc and cc understand -c and -o together
configure:16313: gcc -c conftest.c -o conftest2.o >&5
configure:16317: $? = 0
configure:16323: gcc -c conftest.c -o conftest2.o >&5
configure:16327: $? = 0
configure:16338: cc -c conftest.c >&5
configure:16342: $? = 0
configure:16350: cc -c conftest.c -o conftest2.o >&5
configure:16354: $? = 0
configure:16360: cc -c conftest.c -o conftest2.o >&5
configure:16364: $? = 0
configure:16382: result: yes
configure:16413: checking for setjmp
configure:16413: gcc -o conftest  -g -O2   conftest.c  >&5
configure:16413: $? = 0
configure:16413: result: yes
configure:16424: checking for longjmp
configure:16424: gcc -o conftest  -g -O2   conftest.c  >&5
configure:16424: $? = 0
configure:16424: result: yes
configure:16435: checking for strcmp
configure:16435: gcc -o conftest  -g -O2   conftest.c  >&5
conftest.c:54:6: warning: conflicting types for built-in function 'strcmp' [enabled by default]
configure:16435: $? = 0
configure:16435: result: yes
configure:16446: checking for strcpy
configure:16446: gcc -o conftest  -g -O2   conftest.c  >&5
conftest.c:55:6: warning: conflicting types for built-in function 'strcpy' [enabled by default]
configure:16446: $? = 0
configure:16446: result: yes
configure:16457: checking for memcpy
configure:16457: gcc -o conftest  -g -O2   conftest.c  >&5
conftest.c:56:6: warning: conflicting types for built-in function 'memcpy' [enabled by default]
configure:16457: $? = 0
configure:16457: result: yes
configure:16468: checking for memset
configure:16468: gcc -o conftest  -g -O2   conftest.c  >&5
conftest.c:57:6: warning: conflicting types for built-in function 'memset' [enabled by default]
configure:16468: $? = 0
configure:16468: result: yes
configure:16479: checking for malloc
configure:16479: gcc -o conftest  -g -O2   conftest.c  >&5
conftest.c:58:6: warning: conflicting types for built-in function 'malloc' [enabled by default]
configure:16479: $? = 0
configure:16479: result: yes
configure:16490: checking for calloc
configure:16490: gcc -o conftest  -g -O2   conftest.c  >&5
conftest.c:59:6: warning: conflicting types for built-in function 'calloc' [enabled by default]
configure:16490: $? = 0
configure:16490: result: yes
configure:16501: checking for free
configure:16501: gcc -o conftest  -g -O2   conftest.c  >&5
conftest.c:60:6: warning: conflicting types for built-in function 'free' [enabled by default]
configure:16501: $? = 0
configure:16501: result: yes
configure:16512: checking for exit
configure:16512: gcc -o conftest  -g -O2   conftest.c  >&5
conftest.c:61:6: warning: conflicting types for built-in function 'exit' [enabled by default]
configure:16512: $? = 0
configure:16512: result: yes
configure:16523: checking for signal
configure:16523: gcc -o conftest  -g -O2   conftest.c  >&5
configure:16523: $? = 0
configure:16523: result: yes
configure:16534: checking for printf
configure:16534: gcc -o conftest  -g -O2   conftest.c  >&5
conftest.c:63:6: warning: conflicting types for built-in function 'printf' [enabled by default]
configure:16534: $? = 0
configure:16534: result: yes
configure:16545: checking for fprintf
configure:16545: gcc -o conftest  -g -O2   conftest.c  >&5
conftest.c:64:6: warning: conflicting types for built-in function 'fprintf' [enabled by default]
configure:16545: $? = 0
configure:16545: result: yes
configure:16556: checking for snprintf
configure:16556: gcc -o conftest  -g -O2   conftest.c  >&5
conftest.c:65:6: warning: conflicting types for built-in function 'snprintf' [enabled by default]
configure:16556: $? = 0
configure:16556: result: yes
configure:16567: checking for vsnprintf
configure:16567: gcc -o conftest  -g -O2   conftest.c  >&5
conftest.c:66:6: warning: conflicting types for built-in function 'vsnprintf' [enabled by default]
configure:16567: $? = 0
configure:16567: result: yes
configure:16578: checking for gettimeofday
configure:16578: gcc -o conftest  -g -O2   conftest.c  >&5
configure:16578: $? = 0
configure:16578: result: yes
configure:16589: checking for strsignal
configure:16589: gcc -o conftest  -g -O2   conftest.c  >&5
configure:16589: $? = 0
configure:16589: result: yes
configure:16600: checking assert.h usability
configure:16600: gcc -c  -g -O2  conftest.c >&5
configure:16600: $? = 0
configure:16600: result: yes
configure:16600: checking assert.h presence
configure:16600: gcc -E  conftest.c
configure:16600: $? = 0
configure:16600: result: yes
configure:16600: checking for assert.h
configure:16600: result: yes
configure:16612: checking malloc.h usability
configure:16612: gcc -c  -g -O2  conftest.c >&5
configure:16612: $? = 0
configure:16612: result: yes
configure:16612: checking malloc.h presence
configure:16612: gcc -E  conftest.c
configure:16612: $? = 0
configure:16612: result: yes
configure:16612: checking for malloc.h
configure:16612: result: yes
configure:16624: checking setjmp.h usability
configure:16624: gcc -c  -g -O2  conftest.c >&5
configure:16624: $? = 0
configure:16624: result: yes
configure:16624: checking setjmp.h presence
configure:16624: gcc -E  conftest.c
configure:16624: $? = 0
configure:16624: result: yes
configure:16624: checking for setjmp.h
configure:16624: result: yes
configure:16636: checking stdarg.h usability
configure:16636: gcc -c  -g -O2  conftest.c >&5
configure:16636: $? = 0
configure:16636: result: yes
configure:16636: checking stdarg.h presence
configure:16636: gcc -E  conftest.c
configure:16636: $? = 0
configure:16636: result: yes
configure:16636: checking for stdarg.h
configure:16636: result: yes
configure:16648: checking stddef.h usability
configure:16648: gcc -c  -g -O2  conftest.c >&5
configure:16648: $? = 0
configure:16648: result: yes
configure:16648: checking stddef.h presence
configure:16648: gcc -E  conftest.c
configure:16648: $? = 0
configure:16648: result: yes
configure:16648: checking for stddef.h
configure:16648: result: yes
configure:16660: checking stdio.h usability
configure:16660: gcc -c  -g -O2  conftest.c >&5
configure:16660: $? = 0
configure:16660: result: yes
configure:16660: checking stdio.h presence
configure:16660: gcc -E  conftest.c
configure:16660: $? = 0
configure:16660: result: yes
configure:16660: checking for stdio.h
configure:16660: result: yes
configure:16672: checking for stdlib.h
configure:16672: result: yes
configure:16684: checking for string.h
configure:16684: result: yes
configure:16696: checking signal.h usability
configure:16696: gcc -c  -g -O2  conftest.c >&5
configure:16696: $? = 0
configure:16696: result: yes
configure:16696: checking signal.h presence
configure:16696: gcc -E  conftest.c
configure:16696: $? = 0
configure:16696: result: yes
configure:16696: checking for signal.h
configure:16696: result: yes
configure:16708: checking for inttypes.h
configure:16708: result: yes
configure:16720: checking for stdint.h
configure:16720: result: yes
configure:16732: checking sys/time.h usability
configure:16732: gcc -c  -g -O2  conftest.c >&5
configure:16732: $? = 0
configure:16732: result: yes
configure:16732: checking sys/time.h presence
configure:16732: gcc -E  conftest.c
configure:16732: $? = 0
configure:16732: result: yes
configure:16732: checking for sys/time.h
configure:16732: result: yes
configure:16742: checking for unsigned long long
configure:16742: gcc -c  -g -O2  conftest.c >&5
configure:16742: $? = 0
configure:16742: gcc -c  -g -O2  conftest.c >&5
conftest.c: In function 'main':
conftest.c:94:33: error: expected expression before ')' token
configure:16742: $? = 1
configure: failed program was:
| /* confdefs.h */
| #define PACKAGE_NAME "cmockery2"
| #define PACKAGE_TARNAME "cmockery2"
| #define PACKAGE_VERSION "1.3.9"
| #define PACKAGE_STRING "cmockery2 1.3.9"
| #define PACKAGE_BUGREPORT "lpabon@redhat.com"
| #define PACKAGE_URL ""
| #define PACKAGE "cmockery2"
| #define VERSION "1.3.9"
| #define STDC_HEADERS 1
| #define HAVE_SYS_TYPES_H 1
| #define HAVE_SYS_STAT_H 1
| #define HAVE_STDLIB_H 1
| #define HAVE_STRING_H 1
| #define HAVE_MEMORY_H 1
| #define HAVE_STRINGS_H 1
| #define HAVE_INTTYPES_H 1
| #define HAVE_STDINT_H 1
| #define HAVE_UNISTD_H 1
| #define __EXTENSIONS__ 1
| #define _ALL_SOURCE 1
| #define _GNU_SOURCE 1
| #define _POSIX_PTHREAD_SEMANTICS 1
| #define _TANDEM_SOURCE 1
| #define HAVE_DLFCN_H 1
| #define LT_OBJDIR ".libs/"
| #define STDC_HEADERS 1
| #define HAVE_SETJMP 1
| #define HAVE_LONGJMP 1
| #define HAVE_STRCMP 1
| #define HAVE_STRCPY 1
| #define HAVE_MEMCPY 1
| #define HAVE_MEMSET 1
| #define HAVE_MALLOC 1
| #define HAVE_CALLOC 1
| #define HAVE_FREE 1
| #define HAVE_EXIT 1
| #define HAVE_SIGNAL 1
| #define HAVE_PRINTF 1
| #define HAVE_FPRINTF 1
| #define HAVE_SNPRINTF 1
| #define HAVE_VSNPRINTF 1
| #define HAVE_GETTIMEOFDAY 1
| #define HAVE_STRSIGNAL 1
| #define HAVE_ASSERT_H 1
| #define HAVE_MALLOC_H 1
| #define HAVE_SETJMP_H 1
| #define HAVE_STDARG_H 1
| #define HAVE_STDDEF_H 1
| #define HAVE_STDIO_H 1
| #define HAVE_STDLIB_H 1
| #define HAVE_STRING_H 1
| #define HAVE_SIGNAL_H 1
| #define HAVE_INTTYPES_H 1
| #define HAVE_STDINT_H 1
| #define HAVE_SYS_TIME_H 1
| /* end confdefs.h.  */
| #include <stdio.h>
| #ifdef HAVE_SYS_TYPES_H
| # include <sys/types.h>
| #endif
| #ifdef HAVE_SYS_STAT_H
| # include <sys/stat.h>
| #endif
| #ifdef STDC_HEADERS
| # include <stdlib.h>
| # include <stddef.h>
| #else
| # ifdef HAVE_STDLIB_H
| #  include <stdlib.h>
| # endif
| #endif
| #ifdef HAVE_STRING_H
| # if !defined STDC_HEADERS && defined HAVE_MEMORY_H
| #  include <memory.h>
| # endif
| # include <string.h>
| #endif
| #ifdef HAVE_STRINGS_H
| # include <strings.h>
| #endif
| #ifdef HAVE_INTTYPES_H
| # include <inttypes.h>
| #endif
| #ifdef HAVE_STDINT_H
| # include <stdint.h>
| #endif
| #ifdef HAVE_UNISTD_H
| # include <unistd.h>
| #endif
| int
| main ()
| {
| if (sizeof ((unsigned long long)))
| 	    return 0;
|   ;
|   return 0;
| }
configure:16742: result: yes
configure:16751: checking for uintmax_t
configure:16751: gcc -c  -g -O2  conftest.c >&5
configure:16751: $? = 0
configure:16751: gcc -c  -g -O2  conftest.c >&5
conftest.c: In function 'main':
conftest.c:95:24: error: expected expression before ')' token
configure:16751: $? = 1
configure: failed program was:
| /* confdefs.h */
| #define PACKAGE_NAME "cmockery2"
| #define PACKAGE_TARNAME "cmockery2"
| #define PACKAGE_VERSION "1.3.9"
| #define PACKAGE_STRING "cmockery2 1.3.9"
| #define PACKAGE_BUGREPORT "lpabon@redhat.com"
| #define PACKAGE_URL ""
| #define PACKAGE "cmockery2"
| #define VERSION "1.3.9"
| #define STDC_HEADERS 1
| #define HAVE_SYS_TYPES_H 1
| #define HAVE_SYS_STAT_H 1
| #define HAVE_STDLIB_H 1
| #define HAVE_STRING_H 1
| #define HAVE_MEMORY_H 1
| #define HAVE_STRINGS_H 1
| #define HAVE_INTTYPES_H 1
| #define HAVE_STDINT_H 1
| #define HAVE_UNISTD_H 1
| #define __EXTENSIONS__ 1
| #define _ALL_SOURCE 1
| #define _GNU_SOURCE 1
| #define _POSIX_PTHREAD_SEMANTICS 1
| #define _TANDEM_SOURCE 1
| #define HAVE_DLFCN_H 1
| #define LT_OBJDIR ".libs/"
| #define STDC_HEADERS 1
| #define HAVE_SETJMP 1
| #define HAVE_LONGJMP 1
| #define HAVE_STRCMP 1
| #define HAVE_STRCPY 1
| #define HAVE_MEMCPY 1
| #define HAVE_MEMSET 1
| #define HAVE_MALLOC 1
| #define HAVE_CALLOC 1
| #define HAVE_FREE 1
| #define HAVE_EXIT 1
| #define HAVE_SIGNAL 1
| #define HAVE_PRINTF 1
| #define HAVE_FPRINTF 1
| #define HAVE_SNPRINTF 1
| #define HAVE_VSNPRINTF 1
| #define HAVE_GETTIMEOFDAY 1
| #define HAVE_STRSIGNAL 1
| #define HAVE_ASSERT_H 1
| #define HAVE_MALLOC_H 1
| #define HAVE_SETJMP_H 1
| #define HAVE_STDARG_H 1
| #define HAVE_STDDEF_H 1
| #define HAVE_STDIO_H 1
| #define HAVE_STDLIB_H 1
| #define HAVE_STRING_H 1
| #define HAVE_SIGNAL_H 1
| #define HAVE_INTTYPES_H 1
| #define HAVE_STDINT_H 1
| #define HAVE_SYS_TIME_H 1
| #define HAVE_UNSIGNED_LONG_LONG 1
| /* end confdefs.h.  */
| #include <stdio.h>
| #ifdef HAVE_SYS_TYPES_H
| # include <sys/types.h>
| #endif
| #ifdef HAVE_SYS_STAT_H
| # include <sys/stat.h>
| #endif
| #ifdef STDC_HEADERS
| # include <stdlib.h>
| # include <stddef.h>
| #else
| # ifdef HAVE_STDLIB_H
| #  include <stdlib.h>
| # endif
| #endif
| #ifdef HAVE_STRING_H
| # if !defined STDC_HEADERS && defined HAVE_MEMORY_H
| #  include <memory.h>
| # endif
| # include <string.h>
| #endif
| #ifdef HAVE_STRINGS_H
| # include <strings.h>
| #endif
| #ifdef HAVE_INTTYPES_H
| # include <inttypes.h>
| #endif
| #ifdef HAVE_STDINT_H
| # include <stdint.h>
| #endif
| #ifdef HAVE_UNISTD_H
| # include <unistd.h>
| #endif
| int
| main ()
| {
| if (sizeof ((uintmax_t)))
| 	    return 0;
|   ;
|   return 0;
| }
configure:16751: result: yes
configure:16760: checking for uintptr_t
configure:16760: gcc -c  -g -O2  conftest.c >&5
configure:16760: $? = 0
configure:16760: gcc -c  -g -O2  conftest.c >&5
conftest.c: In function 'main':
conftest.c:96:24: error: expected expression before ')' token
configure:16760: $? = 1
configure: failed program was:
| /* confdefs.h */
| #define PACKAGE_NAME "cmockery2"
| #define PACKAGE_TARNAME "cmockery2"
| #define PACKAGE_VERSION "1.3.9"
| #define PACKAGE_STRING "cmockery2 1.3.9"
| #define PACKAGE_BUGREPORT "lpabon@redhat.com"
| #define PACKAGE_URL ""
| #define PACKAGE "cmockery2"
| #define VERSION "1.3.9"
| #define STDC_HEADERS 1
| #define HAVE_SYS_TYPES_H 1
| #define HAVE_SYS_STAT_H 1
| #define HAVE_STDLIB_H 1
| #define HAVE_STRING_H 1
| #define HAVE_MEMORY_H 1
| #define HAVE_STRINGS_H 1
| #define HAVE_INTTYPES_H 1
| #define HAVE_STDINT_H 1
| #define HAVE_UNISTD_H 1
| #define __EXTENSIONS__ 1
| #define _ALL_SOURCE 1
| #define _GNU_SOURCE 1
| #define _POSIX_PTHREAD_SEMANTICS 1
| #define _TANDEM_SOURCE 1
| #define HAVE_DLFCN_H 1
| #define LT_OBJDIR ".libs/"
| #define STDC_HEADERS 1
| #define HAVE_SETJMP 1
| #define HAVE_LONGJMP 1
| #define HAVE_STRCMP 1
| #define HAVE_STRCPY 1
| #define HAVE_MEMCPY 1
| #define HAVE_MEMSET 1
| #define HAVE_MALLOC 1
| #define HAVE_CALLOC 1
| #define HAVE_FREE 1
| #define HAVE_EXIT 1
| #define HAVE_SIGNAL 1
| #define HAVE_PRINTF 1
| #define HAVE_FPRINTF 1
| #define HAVE_SNPRINTF 1
| #define HAVE_VSNPRINTF 1
| #define HAVE_GETTIMEOFDAY 1
| #define HAVE_STRSIGNAL 1
| #define HAVE_ASSERT_H 1
| #define HAVE_MALLOC_H 1
| #define HAVE_SETJMP_H 1
| #define HAVE_STDARG_H 1
| #define HAVE_STDDEF_H 1
| #define HAVE_STDIO_H 1
| #define HAVE_STDLIB_H 1
| #define HAVE_STRING_H 1
| #define HAVE_SIGNAL_H 1
| #define HAVE_INTTYPES_H 1
| #define HAVE_STDINT_H 1
| #define HAVE_SYS_TIME_H 1
| #define HAVE_UNSIGNED_LONG_LONG 1
| #define HAVE_UINTMAX_T 1
| /* end confdefs.h.  */
| #include <stdio.h>
| #ifdef HAVE_SYS_TYPES_H
| # include <sys/types.h>
| #endif
| #ifdef HAVE_SYS_STAT_H
| # include <sys/stat.h>
| #endif
| #ifdef STDC_HEADERS
| # include <stdlib.h>
| # include <stddef.h>
| #else
| # ifdef HAVE_STDLIB_H
| #  include <stdlib.h>
| # endif
| #endif
| #ifdef HAVE_STRING_H
| # if !defined STDC_HEADERS && defined HAVE_MEMORY_H
| #  include <memory.h>
| # endif
| # include <string.h>
| #endif
| #ifdef HAVE_STRINGS_H
| # include <strings.h>
| #endif
| #ifdef HAVE_INTTYPES_H
| # include <inttypes.h>
| #endif
| #ifdef HAVE_STDINT_H
| # include <stdint.h>
| #endif
| #ifdef HAVE_UNISTD_H
| # include <unistd.h>
| #endif
| int
| main ()
| {
| if (sizeof ((uintptr_t)))
| 	    return 0;
|   ;
|   return 0;
| }
configure:16760: result: yes
configure:16776: checking for pkg-config
configure:16792: found /usr/bin/pkg-config
configure:16803: result: yes
configure:16985: creating ./config.status

## ---------------------- ##
## Running config.status. ##
## ---------------------- ##

This file was extended by cmockery2 config.status 1.3.9, which was
generated by GNU Autoconf 2.69.  Invocation command line was

  CONFIG_FILES    = 
  CONFIG_HEADERS  = 
  CONFIG_LINKS    = 
  CONFIG_COMMANDS = 
  $ ./config.status 

on kali

config.status:1188: creating cmockery2.pc
config.status:1188: creating Makefile
config.status:1188: creating src/cmockery/config.h
config.status:1417: executing depfiles commands
config.status:1417: executing libtool commands

## ---------------- ##
## Cache variables. ##
## ---------------- ##

ac_cv_build=i686-pc-linux-gnu
ac_cv_c_compiler_gnu=yes
ac_cv_cxx_compiler_gnu=yes
ac_cv_env_CCC_set=
ac_cv_env_CCC_value=
ac_cv_env_CC_set=
ac_cv_env_CC_value=
ac_cv_env_CFLAGS_set=
ac_cv_env_CFLAGS_value=
ac_cv_env_CPPFLAGS_set=
ac_cv_env_CPPFLAGS_value=
ac_cv_env_CPP_set=
ac_cv_env_CPP_value=
ac_cv_env_CXXCPP_set=
ac_cv_env_CXXCPP_value=
ac_cv_env_CXXFLAGS_set=
ac_cv_env_CXXFLAGS_value=
ac_cv_env_CXX_set=
ac_cv_env_CXX_value=
ac_cv_env_LDFLAGS_set=
ac_cv_env_LDFLAGS_value=
ac_cv_env_LIBS_set=
ac_cv_env_LIBS_value=
ac_cv_env_build_alias_set=
ac_cv_env_build_alias_value=
ac_cv_env_host_alias_set=
ac_cv_env_host_alias_value=
ac_cv_env_target_alias_set=
ac_cv_env_target_alias_value=
ac_cv_func_calloc=yes
ac_cv_func_exit=yes
ac_cv_func_fprintf=yes
ac_cv_func_free=yes
ac_cv_func_gettimeofday=yes
ac_cv_func_longjmp=yes
ac_cv_func_malloc=yes
ac_cv_func_memcpy=yes
ac_cv_func_memset=yes
ac_cv_func_printf=yes
ac_cv_func_setjmp=yes
ac_cv_func_signal=yes
ac_cv_func_snprintf=yes
ac_cv_func_strcmp=yes
ac_cv_func_strcpy=yes
ac_cv_func_strsignal=yes
ac_cv_func_vsnprintf=yes
ac_cv_header_assert_h=yes
ac_cv_header_dlfcn_h=yes
ac_cv_header_inttypes_h=yes
ac_cv_header_malloc_h=yes
ac_cv_header_memory_h=yes
ac_cv_header_minix_config_h=no
ac_cv_header_setjmp_h=yes
ac_cv_header_signal_h=yes
ac_cv_header_stdarg_h=yes
ac_cv_header_stdc=yes
ac_cv_header_stddef_h=yes
ac_cv_header_stdint_h=yes
ac_cv_header_stdio_h=yes
ac_cv_header_stdlib_h=yes
ac_cv_header_string_h=yes
ac_cv_header_strings_h=yes
ac_cv_header_sys_stat_h=yes
ac_cv_header_sys_time_h=yes
ac_cv_header_sys_types_h=yes
ac_cv_header_unistd_h=yes
ac_cv_host=i686-pc-linux-gnu
ac_cv_objext=o
ac_cv_path_EGREP='/bin/grep -E'
ac_cv_path_FGREP='/bin/grep -F'
ac_cv_path_GREP=/bin/grep
ac_cv_path_SED=/bin/sed
ac_cv_path_install='/usr/bin/install -c'
ac_cv_path_mkdir=/bin/mkdir
ac_cv_prog_AWK=mawk
ac_cv_prog_CPP='gcc -E'
ac_cv_prog_CXXCPP='g++ -E'
ac_cv_prog_PKG_CONFIG=yes
ac_cv_prog_ac_ct_AR=ar
ac_cv_prog_ac_ct_CC=gcc
ac_cv_prog_ac_ct_CXX=g++
ac_cv_prog_ac_ct_MANIFEST_TOOL=mt
ac_cv_prog_ac_ct_OBJDUMP=objdump
ac_cv_prog_ac_ct_RANLIB=ranlib
ac_cv_prog_ac_ct_STRIP=strip
ac_cv_prog_cc_c89=
ac_cv_prog_cc_g=yes
ac_cv_prog_cc_gcc_c_o=yes
ac_cv_prog_cxx_g=yes
ac_cv_prog_make_make_set=yes
ac_cv_safe_to_define___extensions__=yes
ac_cv_type_uintmax_t=yes
ac_cv_type_uintptr_t=yes
ac_cv_type_unsigned_long_long=yes
am_cv_CC_dependencies_compiler_type=gcc3
am_cv_CXX_dependencies_compiler_type=gcc3
am_cv_ar_interface=ar
lt_cv_ar_at_file=@
lt_cv_archive_cmds_need_lc=no
lt_cv_deplibs_check_method=pass_all
lt_cv_file_magic_cmd='$MAGIC_CMD'
lt_cv_file_magic_test_file=
lt_cv_ld_reload_flag=-r
lt_cv_nm_interface='BSD nm'
lt_cv_objdir=.libs
lt_cv_path_LD=/usr/bin/ld
lt_cv_path_LDCXX=/usr/bin/ld
lt_cv_path_NM='/usr/bin/nm -B'
lt_cv_path_mainfest_tool=no
lt_cv_prog_compiler_c_o=yes
lt_cv_prog_compiler_c_o_CXX=yes
lt_cv_prog_compiler_pic='-fPIC -DPIC'
lt_cv_prog_compiler_pic_CXX='-fPIC -DPIC'
lt_cv_prog_compiler_pic_works=yes
lt_cv_prog_compiler_pic_works_CXX=yes
lt_cv_prog_compiler_rtti_exceptions=no
lt_cv_prog_compiler_static_works=yes
lt_cv_prog_compiler_static_works_CXX=yes
lt_cv_prog_gnu_ld=yes
lt_cv_prog_gnu_ldcxx=yes
lt_cv_sharedlib_from_linklib_cmd='printf %s\n'
lt_cv_shlibpath_overrides_runpath=no
lt_cv_sys_global_symbol_pipe='sed -n -e '\''s/^.*[	 ]\([ABCDGIRSTW][ABCDGIRSTW]*\)[	 ][	 ]*\([_A-Za-z][_A-Za-z0-9]*\)$/\1 \2 \2/p'\'' | sed '\''/ __gnu_lto/d'\'''
lt_cv_sys_global_symbol_to_c_name_address='sed -n -e '\''s/^: \([^ ]*\)[ ]*$/  {\"\1\", (void *) 0},/p'\'' -e '\''s/^[ABCDGIRSTW]* \([^ ]*\) \([^ ]*\)$/  {"\2", (void *) \&\2},/p'\'''
lt_cv_sys_global_symbol_to_c_name_address_lib_prefix='sed -n -e '\''s/^: \([^ ]*\)[ ]*$/  {\"\1\", (void *) 0},/p'\'' -e '\''s/^[ABCDGIRSTW]* \([^ ]*\) \(lib[^ ]*\)$/  {"\2", (void *) \&\2},/p'\'' -e '\''s/^[ABCDGIRSTW]* \([^ ]*\) \([^ ]*\)$/  {"lib\2", (void *) \&\2},/p'\'''
lt_cv_sys_global_symbol_to_cdecl='sed -n -e '\''s/^T .* \(.*\)$/extern int \1();/p'\'' -e '\''s/^[ABCDGIRSTW]* .* \(.*\)$/extern char \1;/p'\'''
lt_cv_sys_max_cmd_len=1572864
lt_cv_to_host_file_cmd=func_convert_file_noop
lt_cv_to_tool_file_cmd=func_convert_file_noop

## ----------------- ##
## Output variables. ##
## ----------------- ##

ACLOCAL='${SHELL} /home/sulit/gitsrc/clearning/cmockery2/cmockery2-master/missing --run aclocal-1.11'
AMDEPBACKSLASH='\'
AMDEP_FALSE='#'
AMDEP_TRUE=''
AMTAR='$${TAR-tar}'
AR='ar'
AUTOCONF='${SHELL} /home/sulit/gitsrc/clearning/cmockery2/cmockery2-master/missing --run autoconf'
AUTOHEADER='${SHELL} /home/sulit/gitsrc/clearning/cmockery2/cmockery2-master/missing --run autoheader'
AUTOMAKE='${SHELL} /home/sulit/gitsrc/clearning/cmockery2/cmockery2-master/missing --run automake-1.11'
AWK='mawk'
CC='gcc'
CCDEPMODE='depmode=gcc3'
CFLAGS=' -g -O2'
CLANG_FALSE=''
CLANG_TRUE='#'
CPP='gcc -E'
CPPFLAGS=''
CXX='g++'
CXXCPP='g++ -E'
CXXDEPMODE='depmode=gcc3'
CXXFLAGS='-g -O2'
CYGPATH_W='echo'
DEFS='-DHAVE_CONFIG_H'
DEPDIR='.deps'
DLLTOOL='false'
DSYMUTIL=''
DUMPBIN=''
ECHO_C=''
ECHO_N='-n'
ECHO_T=''
EGREP='/bin/grep -E'
EXEEXT=''
FGREP='/bin/grep -F'
GCC_FALSE='#'
GCC_TRUE=''
GCOV_FALSE=''
GCOV_TRUE='#'
GREP='/bin/grep'
HAVE_PKG_CONFIG_FALSE='#'
HAVE_PKG_CONFIG_TRUE=''
INSTALL_DATA='${INSTALL} -m 644'
INSTALL_PROGRAM='${INSTALL}'
INSTALL_SCRIPT='${INSTALL}'
INSTALL_STRIP_PROGRAM='$(install_sh) -c -s'
LD='/usr/bin/ld'
LDFLAGS=''
LIBOBJS=''
LIBS=''
LIBTOOL='$(SHELL) $(top_builddir)/libtool'
LIBTOOL_DEPS='./ltmain.sh'
LIPO=''
LN_S='ln -s'
LTLIBOBJS=''
MAKEINFO='${SHELL} /home/sulit/gitsrc/clearning/cmockery2/cmockery2-master/missing --run makeinfo'
MANIFEST_TOOL=':'
MKDIR_P='/bin/mkdir -p'
NM='/usr/bin/nm -B'
NMEDIT=''
OBJDUMP='objdump'
OBJEXT='o'
OTOOL64=''
OTOOL=''
PACKAGE='cmockery2'
PACKAGE_BUGREPORT='lpabon@redhat.com'
PACKAGE_NAME='cmockery2'
PACKAGE_STRING='cmockery2 1.3.9'
PACKAGE_TARNAME='cmockery2'
PACKAGE_URL=''
PACKAGE_VERSION='1.3.9'
PATH_SEPARATOR=':'
PKG_CONFIG='yes'
RANLIB='ranlib'
SED='/bin/sed'
SET_MAKE=''
SHELL='/bin/bash'
STRIP='strip'
VERSION='1.3.9'
ac_ct_AR='ar'
ac_ct_CC='gcc'
ac_ct_CXX='g++'
ac_ct_DUMPBIN=''
am__EXEEXT_FALSE=''
am__EXEEXT_TRUE='#'
am__fastdepCC_FALSE='#'
am__fastdepCC_TRUE=''
am__fastdepCXX_FALSE='#'
am__fastdepCXX_TRUE=''
am__include='include'
am__isrc=''
am__leading_dot='.'
am__nodep='_no'
am__quote=''
am__tar='$${TAR-tar} chof - "$$tardir"'
am__untar='$${TAR-tar} xf -'
bindir='${exec_prefix}/bin'
build='i686-pc-linux-gnu'
build_alias=''
build_cpu='i686'
build_os='linux-gnu'
build_vendor='pc'
datadir='${datarootdir}'
datarootdir='${prefix}/share'
docdir='${datarootdir}/doc/${PACKAGE_TARNAME}'
dvidir='${docdir}'
exec_prefix='${prefix}'
host='i686-pc-linux-gnu'
host_alias=''
host_cpu='i686'
host_os='linux-gnu'
host_vendor='pc'
htmldir='${docdir}'
includedir='${prefix}/include'
infodir='${datarootdir}/info'
install_sh='${SHELL} /home/sulit/gitsrc/clearning/cmockery2/cmockery2-master/install-sh'
libdir='${exec_prefix}/lib'
libexecdir='${exec_prefix}/libexec'
localedir='${datarootdir}/locale'
localstatedir='${prefix}/var'
mandir='${datarootdir}/man'
mkdir_p='/bin/mkdir -p'
oldincludedir='/usr/include'
pdfdir='${docdir}'
prefix='/usr'
program_transform_name='s,x,x,'
psdir='${docdir}'
sbindir='${exec_prefix}/sbin'
sharedstatedir='${prefix}/com'
sysconfdir='${prefix}/etc'
target_alias=''

## ----------- ##
## confdefs.h. ##
## ----------- ##

/* confdefs.h */
#define PACKAGE_NAME "cmockery2"
#define PACKAGE_TARNAME "cmockery2"
#define PACKAGE_VERSION "1.3.9"
#define PACKAGE_STRING "cmockery2 1.3.9"
#define PACKAGE_BUGREPORT "lpabon@redhat.com"
#define PACKAGE_URL ""
#define PACKAGE "cmockery2"
#define VERSION "1.3.9"
#define STDC_HEADERS 1
#define HAVE_SYS_TYPES_H 1
#define HAVE_SYS_STAT_H 1
#define HAVE_STDLIB_H 1
#define HAVE_STRING_H 1
#define HAVE_MEMORY_H 1
#define HAVE_STRINGS_H 1
#define HAVE_INTTYPES_H 1
#define HAVE_STDINT_H 1
#define HAVE_UNISTD_H 1
#define __EXTENSIONS__ 1
#define _ALL_SOURCE 1
#define _GNU_SOURCE 1
#define _POSIX_PTHREAD_SEMANTICS 1
#define _TANDEM_SOURCE 1
#define HAVE_DLFCN_H 1
#define LT_OBJDIR ".libs/"
#define STDC_HEADERS 1
#define HAVE_SETJMP 1
#define HAVE_LONGJMP 1
#define HAVE_STRCMP 1
#define HAVE_STRCPY 1
#define HAVE_MEMCPY 1
#define HAVE_MEMSET 1
#define HAVE_MALLOC 1
#define HAVE_CALLOC 1
#define HAVE_FREE 1
#define HAVE_EXIT 1
#define HAVE_SIGNAL 1
#define HAVE_PRINTF 1
#define HAVE_FPRINTF 1
#define HAVE_SNPRINTF 1
#define HAVE_VSNPRINTF 1
#define HAVE_GETTIMEOFDAY 1
#define HAVE_STRSIGNAL 1
#define HAVE_ASSERT_H 1
#define HAVE_MALLOC_H 1
#define HAVE_SETJMP_H 1
#define HAVE_STDARG_H 1
#define HAVE_STDDEF_H 1
#define HAVE_STDIO_H 1
#define HAVE_STDLIB_H 1
#define HAVE_STRING_H 1
#define HAVE_SIGNAL_H 1
#define HAVE_INTTYPES_H 1
#define HAVE_STDINT_H 1
#define HAVE_SYS_TIME_H 1
#define HAVE_UNSIGNED_LONG_LONG 1
#define HAVE_UINTMAX_T 1
#define HAVE_UINTPTR_T 1

configure: exit 0
